============================================================
   Tang Dynasty, V5.9.122301
   Copyright (c) 2012-2024 Anlogic Inc.
   Executable = C:/Anlogic/TD_5.9.1_DR1_2024.7_122.301/bin/td.exe
   Built at =   15:46:19 Jul 29 2024
   Run by =     briansuneZ
   Run Date =   Tue Dec  3 16:49:22 2024

   Run on =     DESKTOP-4UKJC18
============================================================
RUN-001 : GUI based run...
RUN-1002 : start command "open_project ad9361_cmos_fm.al -update"
RUN-1002 : start command "commit_param -step design"
RUN-1001 : Print Global Property
RUN-1001 : -----------------------------------------------------
RUN-1001 :   Parameters   |  Settings  |  Default Values  |  Note  
RUN-1001 : -----------------------------------------------------
RUN-1001 :     message    |  standard  |     standard     |        
RUN-1001 :   qor_monitor  |     on     |        on        |        
RUN-1001 :   syn_ip_flow  |    off     |       off        |        
RUN-1001 :     thread     |    auto    |       auto       |        
RUN-1001 : -----------------------------------------------------
RUN-1001 : Print Design Property
RUN-1001 : -----------------------------------------------------------
RUN-1001 :      Parameters      |  Settings  |  Default Values  |  Note  
RUN-1001 : -----------------------------------------------------------
RUN-1001 :   hdl_warning_level  |   normal   |      normal      |        
RUN-1001 :       infer_add      |     on     |        on        |        
RUN-1001 :      infer_mult      |     on     |        on        |        
RUN-1001 :       infer_ram      |     on     |        on        |        
RUN-1001 : -----------------------------------------------------------
HDL-1007 : analyze verilog file top/hdl/top.v
HDL-1007 : analyze verilog file top/ip/top_CIC_0/top_CIC_0_gate.v
HDL-1007 : undeclared symbol 'open_n2', assumed default net type 'wire' in top/ip/top_CIC_0/top_CIC_0_gate.v(355)
HDL-1007 : undeclared symbol 'open_n3', assumed default net type 'wire' in top/ip/top_CIC_0/top_CIC_0_gate.v(558)
HDL-1007 : undeclared symbol 'open_n6', assumed default net type 'wire' in top/ip/top_CIC_0/top_CIC_0_gate.v(563)
HDL-1007 : undeclared symbol 'open_n7', assumed default net type 'wire' in top/ip/top_CIC_0/top_CIC_0_gate.v(724)
HDL-1007 : undeclared symbol 'open_n10', assumed default net type 'wire' in top/ip/top_CIC_0/top_CIC_0_gate.v(1169)
HDL-1007 : undeclared symbol 'open_n11', assumed default net type 'wire' in top/ip/top_CIC_0/top_CIC_0_gate.v(1260)
HDL-1007 : undeclared symbol 'open_n14', assumed default net type 'wire' in top/ip/top_CIC_0/top_CIC_0_gate.v(1647)
HDL-1007 : undeclared symbol 'open_n15', assumed default net type 'wire' in top/ip/top_CIC_0/top_CIC_0_gate.v(1738)
HDL-1007 : undeclared symbol 'open_n18', assumed default net type 'wire' in top/ip/top_CIC_0/top_CIC_0_gate.v(2125)
HDL-1007 : undeclared symbol 'open_n19', assumed default net type 'wire' in top/ip/top_CIC_0/top_CIC_0_gate.v(2216)
HDL-1007 : undeclared symbol 'open_n22', assumed default net type 'wire' in top/ip/top_CIC_0/top_CIC_0_gate.v(5719)
HDL-1007 : undeclared symbol 'open_n23', assumed default net type 'wire' in top/ip/top_CIC_0/top_CIC_0_gate.v(5880)
HDL-1007 : undeclared symbol 'open_n26', assumed default net type 'wire' in top/ip/top_CIC_0/top_CIC_0_gate.v(5927)
HDL-1007 : undeclared symbol 'open_n27', assumed default net type 'wire' in top/ip/top_CIC_0/top_CIC_0_gate.v(6088)
HDL-1007 : undeclared symbol 'open_n30', assumed default net type 'wire' in top/ip/top_CIC_0/top_CIC_0_gate.v(6135)
HDL-1007 : undeclared symbol 'open_n31', assumed default net type 'wire' in top/ip/top_CIC_0/top_CIC_0_gate.v(6296)
HDL-1007 : undeclared symbol 'open_n34', assumed default net type 'wire' in top/ip/top_CIC_0/top_CIC_0_gate.v(6343)
HDL-1007 : undeclared symbol 'open_n35', assumed default net type 'wire' in top/ip/top_CIC_0/top_CIC_0_gate.v(6504)
HDL-1007 : undeclared symbol 'open_n38', assumed default net type 'wire' in top/ip/top_CIC_0/top_CIC_0_gate.v(6551)
HDL-1007 : undeclared symbol 'open_n39', assumed default net type 'wire' in top/ip/top_CIC_0/top_CIC_0_gate.v(6712)
HDL-1007 : analyze verilog file top/ip/top_CIC_1/top_CIC_1_gate.v
HDL-1007 : undeclared symbol 'open_n2', assumed default net type 'wire' in top/ip/top_CIC_1/top_CIC_1_gate.v(355)
HDL-1007 : undeclared symbol 'open_n3', assumed default net type 'wire' in top/ip/top_CIC_1/top_CIC_1_gate.v(558)
HDL-1007 : undeclared symbol 'open_n6', assumed default net type 'wire' in top/ip/top_CIC_1/top_CIC_1_gate.v(563)
HDL-1007 : undeclared symbol 'open_n7', assumed default net type 'wire' in top/ip/top_CIC_1/top_CIC_1_gate.v(724)
HDL-1007 : undeclared symbol 'open_n10', assumed default net type 'wire' in top/ip/top_CIC_1/top_CIC_1_gate.v(1169)
HDL-1007 : undeclared symbol 'open_n11', assumed default net type 'wire' in top/ip/top_CIC_1/top_CIC_1_gate.v(1260)
HDL-1007 : undeclared symbol 'open_n14', assumed default net type 'wire' in top/ip/top_CIC_1/top_CIC_1_gate.v(1647)
HDL-1007 : undeclared symbol 'open_n15', assumed default net type 'wire' in top/ip/top_CIC_1/top_CIC_1_gate.v(1738)
HDL-1007 : undeclared symbol 'open_n18', assumed default net type 'wire' in top/ip/top_CIC_1/top_CIC_1_gate.v(2125)
HDL-1007 : undeclared symbol 'open_n19', assumed default net type 'wire' in top/ip/top_CIC_1/top_CIC_1_gate.v(2216)
HDL-1007 : undeclared symbol 'open_n22', assumed default net type 'wire' in top/ip/top_CIC_1/top_CIC_1_gate.v(5719)
HDL-1007 : undeclared symbol 'open_n23', assumed default net type 'wire' in top/ip/top_CIC_1/top_CIC_1_gate.v(5880)
HDL-1007 : undeclared symbol 'open_n26', assumed default net type 'wire' in top/ip/top_CIC_1/top_CIC_1_gate.v(5927)
HDL-1007 : undeclared symbol 'open_n27', assumed default net type 'wire' in top/ip/top_CIC_1/top_CIC_1_gate.v(6088)
HDL-1007 : undeclared symbol 'open_n30', assumed default net type 'wire' in top/ip/top_CIC_1/top_CIC_1_gate.v(6135)
HDL-1007 : undeclared symbol 'open_n31', assumed default net type 'wire' in top/ip/top_CIC_1/top_CIC_1_gate.v(6296)
HDL-1007 : undeclared symbol 'open_n34', assumed default net type 'wire' in top/ip/top_CIC_1/top_CIC_1_gate.v(6343)
HDL-1007 : undeclared symbol 'open_n35', assumed default net type 'wire' in top/ip/top_CIC_1/top_CIC_1_gate.v(6504)
HDL-1007 : undeclared symbol 'open_n38', assumed default net type 'wire' in top/ip/top_CIC_1/top_CIC_1_gate.v(6551)
HDL-1007 : undeclared symbol 'open_n39', assumed default net type 'wire' in top/ip/top_CIC_1/top_CIC_1_gate.v(6712)
HDL-1007 : analyze verilog file top/ip/top_CIC_2/top_CIC_2_gate.v
HDL-1007 : undeclared symbol 'open_n2', assumed default net type 'wire' in top/ip/top_CIC_2/top_CIC_2_gate.v(375)
HDL-1007 : undeclared symbol 'open_n3', assumed default net type 'wire' in top/ip/top_CIC_2/top_CIC_2_gate.v(592)
HDL-1007 : undeclared symbol 'open_n6', assumed default net type 'wire' in top/ip/top_CIC_2/top_CIC_2_gate.v(597)
HDL-1007 : undeclared symbol 'open_n7', assumed default net type 'wire' in top/ip/top_CIC_2/top_CIC_2_gate.v(772)
HDL-1007 : undeclared symbol 'open_n10', assumed default net type 'wire' in top/ip/top_CIC_2/top_CIC_2_gate.v(1234)
HDL-1007 : undeclared symbol 'open_n11', assumed default net type 'wire' in top/ip/top_CIC_2/top_CIC_2_gate.v(1339)
HDL-1007 : undeclared symbol 'open_n14', assumed default net type 'wire' in top/ip/top_CIC_2/top_CIC_2_gate.v(1744)
HDL-1007 : undeclared symbol 'open_n15', assumed default net type 'wire' in top/ip/top_CIC_2/top_CIC_2_gate.v(1849)
HDL-1007 : undeclared symbol 'open_n18', assumed default net type 'wire' in top/ip/top_CIC_2/top_CIC_2_gate.v(2254)
HDL-1007 : undeclared symbol 'open_n19', assumed default net type 'wire' in top/ip/top_CIC_2/top_CIC_2_gate.v(2359)
HDL-1007 : undeclared symbol 'open_n22', assumed default net type 'wire' in top/ip/top_CIC_2/top_CIC_2_gate.v(6096)
HDL-1007 : undeclared symbol 'open_n23', assumed default net type 'wire' in top/ip/top_CIC_2/top_CIC_2_gate.v(6271)
HDL-1007 : undeclared symbol 'open_n26', assumed default net type 'wire' in top/ip/top_CIC_2/top_CIC_2_gate.v(6318)
HDL-1007 : undeclared symbol 'open_n27', assumed default net type 'wire' in top/ip/top_CIC_2/top_CIC_2_gate.v(6493)
HDL-1007 : undeclared symbol 'open_n30', assumed default net type 'wire' in top/ip/top_CIC_2/top_CIC_2_gate.v(6540)
HDL-1007 : undeclared symbol 'open_n31', assumed default net type 'wire' in top/ip/top_CIC_2/top_CIC_2_gate.v(6715)
HDL-1007 : undeclared symbol 'open_n34', assumed default net type 'wire' in top/ip/top_CIC_2/top_CIC_2_gate.v(6762)
HDL-1007 : undeclared symbol 'open_n35', assumed default net type 'wire' in top/ip/top_CIC_2/top_CIC_2_gate.v(6937)
HDL-1007 : undeclared symbol 'open_n38', assumed default net type 'wire' in top/ip/top_CIC_2/top_CIC_2_gate.v(6984)
HDL-1007 : undeclared symbol 'open_n39', assumed default net type 'wire' in top/ip/top_CIC_2/top_CIC_2_gate.v(7159)
HDL-1007 : analyze verilog file top/ip/top_CIC_3/top_CIC_3_gate.v
HDL-1007 : undeclared symbol 'open_n2', assumed default net type 'wire' in top/ip/top_CIC_3/top_CIC_3_gate.v(375)
HDL-1007 : undeclared symbol 'open_n3', assumed default net type 'wire' in top/ip/top_CIC_3/top_CIC_3_gate.v(592)
HDL-1007 : undeclared symbol 'open_n6', assumed default net type 'wire' in top/ip/top_CIC_3/top_CIC_3_gate.v(597)
HDL-1007 : undeclared symbol 'open_n7', assumed default net type 'wire' in top/ip/top_CIC_3/top_CIC_3_gate.v(772)
HDL-1007 : undeclared symbol 'open_n10', assumed default net type 'wire' in top/ip/top_CIC_3/top_CIC_3_gate.v(1234)
HDL-1007 : undeclared symbol 'open_n11', assumed default net type 'wire' in top/ip/top_CIC_3/top_CIC_3_gate.v(1339)
HDL-1007 : undeclared symbol 'open_n14', assumed default net type 'wire' in top/ip/top_CIC_3/top_CIC_3_gate.v(1744)
HDL-1007 : undeclared symbol 'open_n15', assumed default net type 'wire' in top/ip/top_CIC_3/top_CIC_3_gate.v(1849)
HDL-1007 : undeclared symbol 'open_n18', assumed default net type 'wire' in top/ip/top_CIC_3/top_CIC_3_gate.v(2254)
HDL-1007 : undeclared symbol 'open_n19', assumed default net type 'wire' in top/ip/top_CIC_3/top_CIC_3_gate.v(2359)
HDL-1007 : undeclared symbol 'open_n22', assumed default net type 'wire' in top/ip/top_CIC_3/top_CIC_3_gate.v(6096)
HDL-1007 : undeclared symbol 'open_n23', assumed default net type 'wire' in top/ip/top_CIC_3/top_CIC_3_gate.v(6271)
HDL-1007 : undeclared symbol 'open_n26', assumed default net type 'wire' in top/ip/top_CIC_3/top_CIC_3_gate.v(6318)
HDL-1007 : undeclared symbol 'open_n27', assumed default net type 'wire' in top/ip/top_CIC_3/top_CIC_3_gate.v(6493)
HDL-1007 : undeclared symbol 'open_n30', assumed default net type 'wire' in top/ip/top_CIC_3/top_CIC_3_gate.v(6540)
HDL-1007 : undeclared symbol 'open_n31', assumed default net type 'wire' in top/ip/top_CIC_3/top_CIC_3_gate.v(6715)
HDL-1007 : undeclared symbol 'open_n34', assumed default net type 'wire' in top/ip/top_CIC_3/top_CIC_3_gate.v(6762)
HDL-1007 : undeclared symbol 'open_n35', assumed default net type 'wire' in top/ip/top_CIC_3/top_CIC_3_gate.v(6937)
HDL-1007 : undeclared symbol 'open_n38', assumed default net type 'wire' in top/ip/top_CIC_3/top_CIC_3_gate.v(6984)
HDL-1007 : undeclared symbol 'open_n39', assumed default net type 'wire' in top/ip/top_CIC_3/top_CIC_3_gate.v(7159)
HDL-1007 : analyze verilog file top/ip/top_CORDIC_0/top_CORDIC_0_gate.v
HDL-1007 : undeclared symbol 'open_n0', assumed default net type 'wire' in top/ip/top_CORDIC_0/top_CORDIC_0_gate.v(5621)
HDL-1007 : undeclared symbol 'open_n3', assumed default net type 'wire' in top/ip/top_CORDIC_0/top_CORDIC_0_gate.v(5626)
HDL-1007 : undeclared symbol 'open_n4', assumed default net type 'wire' in top/ip/top_CORDIC_0/top_CORDIC_0_gate.v(5633)
HDL-1007 : undeclared symbol 'open_n5', assumed default net type 'wire' in top/ip/top_CORDIC_0/top_CORDIC_0_gate.v(5829)
HDL-1007 : undeclared symbol 'open_n8', assumed default net type 'wire' in top/ip/top_CORDIC_0/top_CORDIC_0_gate.v(5834)
HDL-1007 : undeclared symbol 'open_n9', assumed default net type 'wire' in top/ip/top_CORDIC_0/top_CORDIC_0_gate.v(5841)
HDL-1007 : undeclared symbol 'open_n10', assumed default net type 'wire' in top/ip/top_CORDIC_0/top_CORDIC_0_gate.v(6051)
HDL-1007 : undeclared symbol 'open_n13', assumed default net type 'wire' in top/ip/top_CORDIC_0/top_CORDIC_0_gate.v(6056)
HDL-1007 : undeclared symbol 'open_n14', assumed default net type 'wire' in top/ip/top_CORDIC_0/top_CORDIC_0_gate.v(6063)
HDL-1007 : undeclared symbol 'open_n15', assumed default net type 'wire' in top/ip/top_CORDIC_0/top_CORDIC_0_gate.v(6273)
HDL-1007 : undeclared symbol 'open_n18', assumed default net type 'wire' in top/ip/top_CORDIC_0/top_CORDIC_0_gate.v(6278)
HDL-1007 : undeclared symbol 'open_n19', assumed default net type 'wire' in top/ip/top_CORDIC_0/top_CORDIC_0_gate.v(6285)
HDL-1007 : undeclared symbol 'open_n20', assumed default net type 'wire' in top/ip/top_CORDIC_0/top_CORDIC_0_gate.v(6460)
HDL-1007 : undeclared symbol 'open_n23', assumed default net type 'wire' in top/ip/top_CORDIC_0/top_CORDIC_0_gate.v(6465)
HDL-1007 : undeclared symbol 'open_n24', assumed default net type 'wire' in top/ip/top_CORDIC_0/top_CORDIC_0_gate.v(6472)
HDL-1007 : undeclared symbol 'open_n27', assumed default net type 'wire' in top/ip/top_CORDIC_0/top_CORDIC_0_gate.v(6557)
HDL-1007 : undeclared symbol 'open_n28', assumed default net type 'wire' in top/ip/top_CORDIC_0/top_CORDIC_0_gate.v(6564)
HDL-1007 : undeclared symbol 'open_n29', assumed default net type 'wire' in top/ip/top_CORDIC_0/top_CORDIC_0_gate.v(6571)
HDL-1007 : undeclared symbol 'open_n30', assumed default net type 'wire' in top/ip/top_CORDIC_0/top_CORDIC_0_gate.v(6781)
HDL-1007 : undeclared symbol 'open_n33', assumed default net type 'wire' in top/ip/top_CORDIC_0/top_CORDIC_0_gate.v(11146)
HDL-1007 : undeclared symbol 'open_n34', assumed default net type 'wire' in top/ip/top_CORDIC_0/top_CORDIC_0_gate.v(11153)
HDL-1007 : undeclared symbol 'open_n35', assumed default net type 'wire' in top/ip/top_CORDIC_0/top_CORDIC_0_gate.v(11160)
HDL-1007 : undeclared symbol 'open_n36', assumed default net type 'wire' in top/ip/top_CORDIC_0/top_CORDIC_0_gate.v(11286)
HDL-1007 : undeclared symbol 'open_n39', assumed default net type 'wire' in top/ip/top_CORDIC_0/top_CORDIC_0_gate.v(11915)
HDL-1007 : undeclared symbol 'open_n40', assumed default net type 'wire' in top/ip/top_CORDIC_0/top_CORDIC_0_gate.v(11922)
HDL-1007 : undeclared symbol 'open_n41', assumed default net type 'wire' in top/ip/top_CORDIC_0/top_CORDIC_0_gate.v(11929)
HDL-1007 : undeclared symbol 'open_n42', assumed default net type 'wire' in top/ip/top_CORDIC_0/top_CORDIC_0_gate.v(12062)
HDL-1007 : undeclared symbol 'open_n45', assumed default net type 'wire' in top/ip/top_CORDIC_0/top_CORDIC_0_gate.v(12587)
HDL-1007 : undeclared symbol 'open_n46', assumed default net type 'wire' in top/ip/top_CORDIC_0/top_CORDIC_0_gate.v(12594)
HDL-1007 : undeclared symbol 'open_n47', assumed default net type 'wire' in top/ip/top_CORDIC_0/top_CORDIC_0_gate.v(12601)
HDL-1007 : undeclared symbol 'open_n48', assumed default net type 'wire' in top/ip/top_CORDIC_0/top_CORDIC_0_gate.v(12741)
HDL-1007 : undeclared symbol 'open_n51', assumed default net type 'wire' in top/ip/top_CORDIC_0/top_CORDIC_0_gate.v(13330)
HDL-1007 : undeclared symbol 'open_n52', assumed default net type 'wire' in top/ip/top_CORDIC_0/top_CORDIC_0_gate.v(13337)
HDL-1007 : undeclared symbol 'open_n53', assumed default net type 'wire' in top/ip/top_CORDIC_0/top_CORDIC_0_gate.v(13344)
HDL-1007 : undeclared symbol 'open_n54', assumed default net type 'wire' in top/ip/top_CORDIC_0/top_CORDIC_0_gate.v(13491)
HDL-1007 : undeclared symbol 'open_n57', assumed default net type 'wire' in top/ip/top_CORDIC_0/top_CORDIC_0_gate.v(14032)
HDL-1007 : undeclared symbol 'open_n58', assumed default net type 'wire' in top/ip/top_CORDIC_0/top_CORDIC_0_gate.v(14039)
HDL-1007 : undeclared symbol 'open_n59', assumed default net type 'wire' in top/ip/top_CORDIC_0/top_CORDIC_0_gate.v(14046)
HDL-1007 : undeclared symbol 'open_n60', assumed default net type 'wire' in top/ip/top_CORDIC_0/top_CORDIC_0_gate.v(14200)
HDL-1007 : undeclared symbol 'open_n63', assumed default net type 'wire' in top/ip/top_CORDIC_0/top_CORDIC_0_gate.v(14749)
HDL-1007 : undeclared symbol 'open_n64', assumed default net type 'wire' in top/ip/top_CORDIC_0/top_CORDIC_0_gate.v(14756)
HDL-1007 : undeclared symbol 'open_n65', assumed default net type 'wire' in top/ip/top_CORDIC_0/top_CORDIC_0_gate.v(14763)
HDL-1007 : undeclared symbol 'open_n66', assumed default net type 'wire' in top/ip/top_CORDIC_0/top_CORDIC_0_gate.v(14924)
HDL-1007 : undeclared symbol 'open_n69', assumed default net type 'wire' in top/ip/top_CORDIC_0/top_CORDIC_0_gate.v(15481)
HDL-1007 : undeclared symbol 'open_n70', assumed default net type 'wire' in top/ip/top_CORDIC_0/top_CORDIC_0_gate.v(15488)
HDL-1007 : undeclared symbol 'open_n71', assumed default net type 'wire' in top/ip/top_CORDIC_0/top_CORDIC_0_gate.v(15495)
HDL-1007 : undeclared symbol 'open_n72', assumed default net type 'wire' in top/ip/top_CORDIC_0/top_CORDIC_0_gate.v(15663)
HDL-1007 : undeclared symbol 'open_n75', assumed default net type 'wire' in top/ip/top_CORDIC_0/top_CORDIC_0_gate.v(16228)
HDL-1007 : undeclared symbol 'open_n76', assumed default net type 'wire' in top/ip/top_CORDIC_0/top_CORDIC_0_gate.v(16235)
HDL-1007 : undeclared symbol 'open_n77', assumed default net type 'wire' in top/ip/top_CORDIC_0/top_CORDIC_0_gate.v(16242)
HDL-1007 : undeclared symbol 'open_n78', assumed default net type 'wire' in top/ip/top_CORDIC_0/top_CORDIC_0_gate.v(16417)
HDL-1007 : undeclared symbol 'open_n81', assumed default net type 'wire' in top/ip/top_CORDIC_0/top_CORDIC_0_gate.v(16990)
HDL-1007 : undeclared symbol 'open_n82', assumed default net type 'wire' in top/ip/top_CORDIC_0/top_CORDIC_0_gate.v(16997)
HDL-1007 : undeclared symbol 'open_n83', assumed default net type 'wire' in top/ip/top_CORDIC_0/top_CORDIC_0_gate.v(17004)
HDL-1007 : undeclared symbol 'open_n84', assumed default net type 'wire' in top/ip/top_CORDIC_0/top_CORDIC_0_gate.v(17186)
HDL-1007 : undeclared symbol 'open_n87', assumed default net type 'wire' in top/ip/top_CORDIC_0/top_CORDIC_0_gate.v(17767)
HDL-1007 : undeclared symbol 'open_n88', assumed default net type 'wire' in top/ip/top_CORDIC_0/top_CORDIC_0_gate.v(17774)
HDL-1007 : undeclared symbol 'open_n89', assumed default net type 'wire' in top/ip/top_CORDIC_0/top_CORDIC_0_gate.v(17781)
HDL-1007 : undeclared symbol 'open_n90', assumed default net type 'wire' in top/ip/top_CORDIC_0/top_CORDIC_0_gate.v(17970)
HDL-1007 : undeclared symbol 'open_n93', assumed default net type 'wire' in top/ip/top_CORDIC_0/top_CORDIC_0_gate.v(18559)
HDL-1007 : undeclared symbol 'open_n94', assumed default net type 'wire' in top/ip/top_CORDIC_0/top_CORDIC_0_gate.v(18566)
HDL-1007 : undeclared symbol 'open_n95', assumed default net type 'wire' in top/ip/top_CORDIC_0/top_CORDIC_0_gate.v(18573)
HDL-1007 : undeclared symbol 'open_n96', assumed default net type 'wire' in top/ip/top_CORDIC_0/top_CORDIC_0_gate.v(18769)
HDL-1007 : undeclared symbol 'open_n99', assumed default net type 'wire' in top/ip/top_CORDIC_0/top_CORDIC_0_gate.v(19366)
HDL-1007 : undeclared symbol 'open_n100', assumed default net type 'wire' in top/ip/top_CORDIC_0/top_CORDIC_0_gate.v(19373)
HDL-1007 : undeclared symbol 'open_n101', assumed default net type 'wire' in top/ip/top_CORDIC_0/top_CORDIC_0_gate.v(19380)
HDL-1007 : undeclared symbol 'open_n102', assumed default net type 'wire' in top/ip/top_CORDIC_0/top_CORDIC_0_gate.v(19583)
HDL-1007 : undeclared symbol 'open_n105', assumed default net type 'wire' in top/ip/top_CORDIC_0/top_CORDIC_0_gate.v(20188)
HDL-1007 : undeclared symbol 'open_n106', assumed default net type 'wire' in top/ip/top_CORDIC_0/top_CORDIC_0_gate.v(20195)
HDL-1007 : undeclared symbol 'open_n107', assumed default net type 'wire' in top/ip/top_CORDIC_0/top_CORDIC_0_gate.v(20202)
HDL-1007 : undeclared symbol 'open_n108', assumed default net type 'wire' in top/ip/top_CORDIC_0/top_CORDIC_0_gate.v(20405)
HDL-1007 : undeclared symbol 'open_n109', assumed default net type 'wire' in top/ip/top_CORDIC_0/top_CORDIC_0_gate.v(20412)
HDL-1007 : undeclared symbol 'open_n112', assumed default net type 'wire' in top/ip/top_CORDIC_0/top_CORDIC_0_gate.v(21025)
HDL-1007 : undeclared symbol 'open_n113', assumed default net type 'wire' in top/ip/top_CORDIC_0/top_CORDIC_0_gate.v(21032)
HDL-1007 : undeclared symbol 'open_n114', assumed default net type 'wire' in top/ip/top_CORDIC_0/top_CORDIC_0_gate.v(21039)
HDL-1007 : undeclared symbol 'open_n115', assumed default net type 'wire' in top/ip/top_CORDIC_0/top_CORDIC_0_gate.v(21207)
HDL-1007 : undeclared symbol 'open_n118', assumed default net type 'wire' in top/ip/top_CORDIC_0/top_CORDIC_0_gate.v(22744)
HDL-1007 : undeclared symbol 'open_n119', assumed default net type 'wire' in top/ip/top_CORDIC_0/top_CORDIC_0_gate.v(22751)
HDL-1007 : undeclared symbol 'open_n120', assumed default net type 'wire' in top/ip/top_CORDIC_0/top_CORDIC_0_gate.v(22961)
HDL-1007 : undeclared symbol 'open_n123', assumed default net type 'wire' in top/ip/top_CORDIC_0/top_CORDIC_0_gate.v(24159)
HDL-1007 : undeclared symbol 'open_n124', assumed default net type 'wire' in top/ip/top_CORDIC_0/top_CORDIC_0_gate.v(24166)
HDL-1007 : undeclared symbol 'open_n125', assumed default net type 'wire' in top/ip/top_CORDIC_0/top_CORDIC_0_gate.v(24383)
HDL-1007 : undeclared symbol 'open_n128', assumed default net type 'wire' in top/ip/top_CORDIC_0/top_CORDIC_0_gate.v(25625)
HDL-1007 : undeclared symbol 'open_n129', assumed default net type 'wire' in top/ip/top_CORDIC_0/top_CORDIC_0_gate.v(25632)
HDL-1007 : undeclared symbol 'open_n130', assumed default net type 'wire' in top/ip/top_CORDIC_0/top_CORDIC_0_gate.v(25639)
HDL-1007 : undeclared symbol 'open_n131', assumed default net type 'wire' in top/ip/top_CORDIC_0/top_CORDIC_0_gate.v(25849)
HDL-1007 : undeclared symbol 'open_n132', assumed default net type 'wire' in top/ip/top_CORDIC_0/top_CORDIC_0_gate.v(27286)
HDL-1007 : undeclared symbol 'open_n135', assumed default net type 'wire' in top/ip/top_CORDIC_0/top_CORDIC_0_gate.v(27291)
HDL-1007 : undeclared symbol 'open_n136', assumed default net type 'wire' in top/ip/top_CORDIC_0/top_CORDIC_0_gate.v(27508)
HDL-1007 : undeclared symbol 'open_n139', assumed default net type 'wire' in top/ip/top_CORDIC_0/top_CORDIC_0_gate.v(27513)
HDL-1007 : undeclared symbol 'open_n142', assumed default net type 'wire' in top/ip/top_CORDIC_0/top_CORDIC_0_gate.v(27532)
HDL-1007 : undeclared symbol 'open_n143', assumed default net type 'wire' in top/ip/top_CORDIC_0/top_CORDIC_0_gate.v(27539)
HDL-1007 : undeclared symbol 'open_n144', assumed default net type 'wire' in top/ip/top_CORDIC_0/top_CORDIC_0_gate.v(27756)
HDL-1007 : undeclared symbol 'open_n145', assumed default net type 'wire' in top/ip/top_CORDIC_0/top_CORDIC_0_gate.v(27966)
HDL-1007 : undeclared symbol 'open_n148', assumed default net type 'wire' in top/ip/top_CORDIC_0/top_CORDIC_0_gate.v(27971)
HDL-1007 : undeclared symbol 'open_n149', assumed default net type 'wire' in top/ip/top_CORDIC_0/top_CORDIC_0_gate.v(28188)
HDL-1007 : undeclared symbol 'open_n152', assumed default net type 'wire' in top/ip/top_CORDIC_0/top_CORDIC_0_gate.v(28193)
HDL-1007 : undeclared symbol 'open_n155', assumed default net type 'wire' in top/ip/top_CORDIC_0/top_CORDIC_0_gate.v(28205)
HDL-1007 : undeclared symbol 'open_n156', assumed default net type 'wire' in top/ip/top_CORDIC_0/top_CORDIC_0_gate.v(28212)
HDL-1007 : undeclared symbol 'open_n157', assumed default net type 'wire' in top/ip/top_CORDIC_0/top_CORDIC_0_gate.v(28219)
HDL-1007 : undeclared symbol 'open_n158', assumed default net type 'wire' in top/ip/top_CORDIC_0/top_CORDIC_0_gate.v(28436)
HDL-1007 : undeclared symbol 'open_n159', assumed default net type 'wire' in top/ip/top_CORDIC_0/top_CORDIC_0_gate.v(28653)
HDL-1007 : undeclared symbol 'open_n162', assumed default net type 'wire' in top/ip/top_CORDIC_0/top_CORDIC_0_gate.v(28658)
HDL-1007 : undeclared symbol 'open_n163', assumed default net type 'wire' in top/ip/top_CORDIC_0/top_CORDIC_0_gate.v(28875)
HDL-1007 : undeclared symbol 'open_n166', assumed default net type 'wire' in top/ip/top_CORDIC_0/top_CORDIC_0_gate.v(28880)
HDL-1007 : undeclared symbol 'open_n169', assumed default net type 'wire' in top/ip/top_CORDIC_0/top_CORDIC_0_gate.v(28885)
HDL-1007 : undeclared symbol 'open_n170', assumed default net type 'wire' in top/ip/top_CORDIC_0/top_CORDIC_0_gate.v(28892)
HDL-1007 : undeclared symbol 'open_n171', assumed default net type 'wire' in top/ip/top_CORDIC_0/top_CORDIC_0_gate.v(29109)
HDL-1007 : undeclared symbol 'open_n174', assumed default net type 'wire' in top/ip/top_CORDIC_0/top_CORDIC_0_gate.v(29114)
HDL-1007 : undeclared symbol 'open_n175', assumed default net type 'wire' in top/ip/top_CORDIC_0/top_CORDIC_0_gate.v(29331)
HDL-1007 : undeclared symbol 'open_n176', assumed default net type 'wire' in top/ip/top_CORDIC_0/top_CORDIC_0_gate.v(29513)
HDL-1007 : undeclared symbol 'open_n179', assumed default net type 'wire' in top/ip/top_CORDIC_0/top_CORDIC_0_gate.v(29518)
HDL-1007 : undeclared symbol 'open_n182', assumed default net type 'wire' in top/ip/top_CORDIC_0/top_CORDIC_0_gate.v(29558)
HDL-1007 : undeclared symbol 'open_n183', assumed default net type 'wire' in top/ip/top_CORDIC_0/top_CORDIC_0_gate.v(29775)
HDL-1007 : undeclared symbol 'open_n186', assumed default net type 'wire' in top/ip/top_CORDIC_0/top_CORDIC_0_gate.v(29780)
HDL-1007 : undeclared symbol 'open_n187', assumed default net type 'wire' in top/ip/top_CORDIC_0/top_CORDIC_0_gate.v(29787)
HDL-1007 : undeclared symbol 'open_n188', assumed default net type 'wire' in top/ip/top_CORDIC_0/top_CORDIC_0_gate.v(29794)
HDL-1007 : undeclared symbol 'open_n189', assumed default net type 'wire' in top/ip/top_CORDIC_0/top_CORDIC_0_gate.v(30011)
HDL-1007 : undeclared symbol 'open_n192', assumed default net type 'wire' in top/ip/top_CORDIC_0/top_CORDIC_0_gate.v(30016)
HDL-1007 : undeclared symbol 'open_n193', assumed default net type 'wire' in top/ip/top_CORDIC_0/top_CORDIC_0_gate.v(30233)
HDL-1007 : undeclared symbol 'open_n196', assumed default net type 'wire' in top/ip/top_CORDIC_0/top_CORDIC_0_gate.v(30238)
HDL-1007 : undeclared symbol 'open_n197', assumed default net type 'wire' in top/ip/top_CORDIC_0/top_CORDIC_0_gate.v(30455)
HDL-1007 : undeclared symbol 'open_n200', assumed default net type 'wire' in top/ip/top_CORDIC_0/top_CORDIC_0_gate.v(30460)
HDL-1007 : undeclared symbol 'open_n201', assumed default net type 'wire' in top/ip/top_CORDIC_0/top_CORDIC_0_gate.v(30467)
HDL-1007 : undeclared symbol 'open_n202', assumed default net type 'wire' in top/ip/top_CORDIC_0/top_CORDIC_0_gate.v(30474)
HDL-1007 : undeclared symbol 'open_n203', assumed default net type 'wire' in top/ip/top_CORDIC_0/top_CORDIC_0_gate.v(30691)
HDL-1007 : undeclared symbol 'open_n206', assumed default net type 'wire' in top/ip/top_CORDIC_0/top_CORDIC_0_gate.v(30696)
HDL-1007 : undeclared symbol 'open_n207', assumed default net type 'wire' in top/ip/top_CORDIC_0/top_CORDIC_0_gate.v(30913)
HDL-1007 : undeclared symbol 'open_n210', assumed default net type 'wire' in top/ip/top_CORDIC_0/top_CORDIC_0_gate.v(30918)
HDL-1007 : undeclared symbol 'open_n211', assumed default net type 'wire' in top/ip/top_CORDIC_0/top_CORDIC_0_gate.v(31135)
HDL-1007 : undeclared symbol 'open_n214', assumed default net type 'wire' in top/ip/top_CORDIC_0/top_CORDIC_0_gate.v(31140)
HDL-1007 : undeclared symbol 'open_n215', assumed default net type 'wire' in top/ip/top_CORDIC_0/top_CORDIC_0_gate.v(31147)
HDL-1007 : undeclared symbol 'open_n216', assumed default net type 'wire' in top/ip/top_CORDIC_0/top_CORDIC_0_gate.v(31154)
HDL-1007 : undeclared symbol 'open_n217', assumed default net type 'wire' in top/ip/top_CORDIC_0/top_CORDIC_0_gate.v(31371)
HDL-1007 : undeclared symbol 'open_n220', assumed default net type 'wire' in top/ip/top_CORDIC_0/top_CORDIC_0_gate.v(31376)
HDL-1007 : undeclared symbol 'open_n221', assumed default net type 'wire' in top/ip/top_CORDIC_0/top_CORDIC_0_gate.v(31593)
HDL-1007 : undeclared symbol 'open_n224', assumed default net type 'wire' in top/ip/top_CORDIC_0/top_CORDIC_0_gate.v(31598)
HDL-1007 : undeclared symbol 'open_n225', assumed default net type 'wire' in top/ip/top_CORDIC_0/top_CORDIC_0_gate.v(31815)
HDL-1007 : undeclared symbol 'open_n226', assumed default net type 'wire' in top/ip/top_CORDIC_0/top_CORDIC_0_gate.v(31997)
HDL-1007 : undeclared symbol 'open_n229', assumed default net type 'wire' in top/ip/top_CORDIC_0/top_CORDIC_0_gate.v(32002)
HDL-1007 : undeclared symbol 'open_n232', assumed default net type 'wire' in top/ip/top_CORDIC_0/top_CORDIC_0_gate.v(32042)
HDL-1007 : undeclared symbol 'open_n233', assumed default net type 'wire' in top/ip/top_CORDIC_0/top_CORDIC_0_gate.v(32049)
HDL-1007 : undeclared symbol 'open_n234', assumed default net type 'wire' in top/ip/top_CORDIC_0/top_CORDIC_0_gate.v(32056)
HDL-1007 : undeclared symbol 'open_n235', assumed default net type 'wire' in top/ip/top_CORDIC_0/top_CORDIC_0_gate.v(32273)
HDL-1007 : undeclared symbol 'open_n238', assumed default net type 'wire' in top/ip/top_CORDIC_0/top_CORDIC_0_gate.v(32278)
HDL-1007 : undeclared symbol 'open_n239', assumed default net type 'wire' in top/ip/top_CORDIC_0/top_CORDIC_0_gate.v(32495)
HDL-1007 : undeclared symbol 'open_n242', assumed default net type 'wire' in top/ip/top_CORDIC_0/top_CORDIC_0_gate.v(32500)
HDL-1007 : undeclared symbol 'open_n243', assumed default net type 'wire' in top/ip/top_CORDIC_0/top_CORDIC_0_gate.v(32717)
HDL-1007 : undeclared symbol 'open_n246', assumed default net type 'wire' in top/ip/top_CORDIC_0/top_CORDIC_0_gate.v(32722)
HDL-1007 : undeclared symbol 'open_n247', assumed default net type 'wire' in top/ip/top_CORDIC_0/top_CORDIC_0_gate.v(32729)
HDL-1007 : undeclared symbol 'open_n248', assumed default net type 'wire' in top/ip/top_CORDIC_0/top_CORDIC_0_gate.v(32736)
HDL-1007 : undeclared symbol 'open_n249', assumed default net type 'wire' in top/ip/top_CORDIC_0/top_CORDIC_0_gate.v(32953)
HDL-1007 : undeclared symbol 'open_n252', assumed default net type 'wire' in top/ip/top_CORDIC_0/top_CORDIC_0_gate.v(32958)
HDL-1007 : undeclared symbol 'open_n253', assumed default net type 'wire' in top/ip/top_CORDIC_0/top_CORDIC_0_gate.v(33175)
HDL-1007 : undeclared symbol 'open_n256', assumed default net type 'wire' in top/ip/top_CORDIC_0/top_CORDIC_0_gate.v(33180)
HDL-1007 : undeclared symbol 'open_n257', assumed default net type 'wire' in top/ip/top_CORDIC_0/top_CORDIC_0_gate.v(33397)
HDL-1007 : undeclared symbol 'open_n260', assumed default net type 'wire' in top/ip/top_CORDIC_0/top_CORDIC_0_gate.v(33402)
HDL-1007 : undeclared symbol 'open_n261', assumed default net type 'wire' in top/ip/top_CORDIC_0/top_CORDIC_0_gate.v(33409)
HDL-1007 : undeclared symbol 'open_n262', assumed default net type 'wire' in top/ip/top_CORDIC_0/top_CORDIC_0_gate.v(33416)
HDL-1007 : undeclared symbol 'open_n263', assumed default net type 'wire' in top/ip/top_CORDIC_0/top_CORDIC_0_gate.v(33633)
HDL-1007 : undeclared symbol 'open_n266', assumed default net type 'wire' in top/ip/top_CORDIC_0/top_CORDIC_0_gate.v(33638)
HDL-1007 : undeclared symbol 'open_n267', assumed default net type 'wire' in top/ip/top_CORDIC_0/top_CORDIC_0_gate.v(33855)
HDL-1007 : undeclared symbol 'open_n270', assumed default net type 'wire' in top/ip/top_CORDIC_0/top_CORDIC_0_gate.v(33860)
HDL-1007 : undeclared symbol 'open_n271', assumed default net type 'wire' in top/ip/top_CORDIC_0/top_CORDIC_0_gate.v(34077)
HDL-1007 : undeclared symbol 'open_n274', assumed default net type 'wire' in top/ip/top_CORDIC_0/top_CORDIC_0_gate.v(34082)
HDL-1007 : undeclared symbol 'open_n275', assumed default net type 'wire' in top/ip/top_CORDIC_0/top_CORDIC_0_gate.v(34089)
HDL-1007 : undeclared symbol 'open_n276', assumed default net type 'wire' in top/ip/top_CORDIC_0/top_CORDIC_0_gate.v(34222)
HDL-1007 : undeclared symbol 'open_n279', assumed default net type 'wire' in top/ip/top_CORDIC_0/top_CORDIC_0_gate.v(34227)
HDL-1007 : undeclared symbol 'open_n280', assumed default net type 'wire' in top/ip/top_CORDIC_0/top_CORDIC_0_gate.v(34444)
HDL-1007 : undeclared symbol 'open_n283', assumed default net type 'wire' in top/ip/top_CORDIC_0/top_CORDIC_0_gate.v(34449)
HDL-1007 : undeclared symbol 'open_n284', assumed default net type 'wire' in top/ip/top_CORDIC_0/top_CORDIC_0_gate.v(34666)
HDL-1007 : undeclared symbol 'open_n287', assumed default net type 'wire' in top/ip/top_CORDIC_0/top_CORDIC_0_gate.v(34671)
HDL-1007 : undeclared symbol 'open_n288', assumed default net type 'wire' in top/ip/top_CORDIC_0/top_CORDIC_0_gate.v(34678)
HDL-1007 : undeclared symbol 'open_n289', assumed default net type 'wire' in top/ip/top_CORDIC_0/top_CORDIC_0_gate.v(34818)
HDL-1007 : undeclared symbol 'open_n292', assumed default net type 'wire' in top/ip/top_CORDIC_0/top_CORDIC_0_gate.v(34823)
HDL-1007 : undeclared symbol 'open_n293', assumed default net type 'wire' in top/ip/top_CORDIC_0/top_CORDIC_0_gate.v(35040)
HDL-1007 : undeclared symbol 'open_n296', assumed default net type 'wire' in top/ip/top_CORDIC_0/top_CORDIC_0_gate.v(35045)
HDL-1007 : undeclared symbol 'open_n297', assumed default net type 'wire' in top/ip/top_CORDIC_0/top_CORDIC_0_gate.v(35262)
HDL-1007 : undeclared symbol 'open_n300', assumed default net type 'wire' in top/ip/top_CORDIC_0/top_CORDIC_0_gate.v(35267)
HDL-1007 : undeclared symbol 'open_n301', assumed default net type 'wire' in top/ip/top_CORDIC_0/top_CORDIC_0_gate.v(35274)
HDL-1007 : undeclared symbol 'open_n302', assumed default net type 'wire' in top/ip/top_CORDIC_0/top_CORDIC_0_gate.v(35421)
HDL-1007 : undeclared symbol 'open_n305', assumed default net type 'wire' in top/ip/top_CORDIC_0/top_CORDIC_0_gate.v(35426)
HDL-1007 : undeclared symbol 'open_n306', assumed default net type 'wire' in top/ip/top_CORDIC_0/top_CORDIC_0_gate.v(35643)
HDL-1007 : undeclared symbol 'open_n309', assumed default net type 'wire' in top/ip/top_CORDIC_0/top_CORDIC_0_gate.v(35648)
HDL-1007 : undeclared symbol 'open_n310', assumed default net type 'wire' in top/ip/top_CORDIC_0/top_CORDIC_0_gate.v(35865)
HDL-1007 : undeclared symbol 'open_n313', assumed default net type 'wire' in top/ip/top_CORDIC_0/top_CORDIC_0_gate.v(35870)
HDL-1007 : undeclared symbol 'open_n314', assumed default net type 'wire' in top/ip/top_CORDIC_0/top_CORDIC_0_gate.v(36045)
HDL-1007 : undeclared symbol 'open_n315', assumed default net type 'wire' in top/ip/top_CORDIC_0/top_CORDIC_0_gate.v(36276)
HDL-1007 : undeclared symbol 'open_n318', assumed default net type 'wire' in top/ip/top_CORDIC_0/top_CORDIC_0_gate.v(36281)
HDL-1007 : undeclared symbol 'open_n321', assumed default net type 'wire' in top/ip/top_CORDIC_0/top_CORDIC_0_gate.v(36314)
HDL-1007 : undeclared symbol 'open_n322', assumed default net type 'wire' in top/ip/top_CORDIC_0/top_CORDIC_0_gate.v(36321)
HDL-1007 : undeclared symbol 'open_n323', assumed default net type 'wire' in top/ip/top_CORDIC_0/top_CORDIC_0_gate.v(36475)
HDL-1007 : undeclared symbol 'open_n326', assumed default net type 'wire' in top/ip/top_CORDIC_0/top_CORDIC_0_gate.v(36480)
HDL-1007 : undeclared symbol 'open_n327', assumed default net type 'wire' in top/ip/top_CORDIC_0/top_CORDIC_0_gate.v(36697)
HDL-1007 : undeclared symbol 'open_n330', assumed default net type 'wire' in top/ip/top_CORDIC_0/top_CORDIC_0_gate.v(36702)
HDL-1007 : undeclared symbol 'open_n331', assumed default net type 'wire' in top/ip/top_CORDIC_0/top_CORDIC_0_gate.v(36919)
HDL-1007 : undeclared symbol 'open_n334', assumed default net type 'wire' in top/ip/top_CORDIC_0/top_CORDIC_0_gate.v(36924)
HDL-1007 : undeclared symbol 'open_n335', assumed default net type 'wire' in top/ip/top_CORDIC_0/top_CORDIC_0_gate.v(36931)
HDL-1007 : undeclared symbol 'open_n336', assumed default net type 'wire' in top/ip/top_CORDIC_0/top_CORDIC_0_gate.v(37092)
HDL-1007 : undeclared symbol 'open_n339', assumed default net type 'wire' in top/ip/top_CORDIC_0/top_CORDIC_0_gate.v(37097)
HDL-1007 : undeclared symbol 'open_n340', assumed default net type 'wire' in top/ip/top_CORDIC_0/top_CORDIC_0_gate.v(37314)
HDL-1007 : undeclared symbol 'open_n343', assumed default net type 'wire' in top/ip/top_CORDIC_0/top_CORDIC_0_gate.v(37319)
HDL-1007 : undeclared symbol 'open_n344', assumed default net type 'wire' in top/ip/top_CORDIC_0/top_CORDIC_0_gate.v(37536)
HDL-1007 : undeclared symbol 'open_n347', assumed default net type 'wire' in top/ip/top_CORDIC_0/top_CORDIC_0_gate.v(37541)
HDL-1007 : undeclared symbol 'open_n348', assumed default net type 'wire' in top/ip/top_CORDIC_0/top_CORDIC_0_gate.v(37548)
HDL-1007 : undeclared symbol 'open_n349', assumed default net type 'wire' in top/ip/top_CORDIC_0/top_CORDIC_0_gate.v(37716)
HDL-1007 : undeclared symbol 'open_n352', assumed default net type 'wire' in top/ip/top_CORDIC_0/top_CORDIC_0_gate.v(37721)
HDL-1007 : undeclared symbol 'open_n353', assumed default net type 'wire' in top/ip/top_CORDIC_0/top_CORDIC_0_gate.v(37938)
HDL-1007 : undeclared symbol 'open_n356', assumed default net type 'wire' in top/ip/top_CORDIC_0/top_CORDIC_0_gate.v(37943)
HDL-1007 : undeclared symbol 'open_n357', assumed default net type 'wire' in top/ip/top_CORDIC_0/top_CORDIC_0_gate.v(38160)
HDL-1007 : undeclared symbol 'open_n360', assumed default net type 'wire' in top/ip/top_CORDIC_0/top_CORDIC_0_gate.v(38165)
HDL-1007 : undeclared symbol 'open_n361', assumed default net type 'wire' in top/ip/top_CORDIC_0/top_CORDIC_0_gate.v(38172)
HDL-1007 : undeclared symbol 'open_n362', assumed default net type 'wire' in top/ip/top_CORDIC_0/top_CORDIC_0_gate.v(38347)
HDL-1007 : undeclared symbol 'open_n363', assumed default net type 'wire' in top/ip/top_CORDIC_0/top_CORDIC_0_gate.v(38536)
HDL-1007 : undeclared symbol 'open_n366', assumed default net type 'wire' in top/ip/top_CORDIC_0/top_CORDIC_0_gate.v(38541)
HDL-1007 : undeclared symbol 'open_n369', assumed default net type 'wire' in top/ip/top_CORDIC_0/top_CORDIC_0_gate.v(38574)
HDL-1007 : undeclared symbol 'open_n370', assumed default net type 'wire' in top/ip/top_CORDIC_0/top_CORDIC_0_gate.v(38791)
HDL-1007 : undeclared symbol 'open_n373', assumed default net type 'wire' in top/ip/top_CORDIC_0/top_CORDIC_0_gate.v(38796)
HDL-1007 : undeclared symbol 'open_n374', assumed default net type 'wire' in top/ip/top_CORDIC_0/top_CORDIC_0_gate.v(39013)
HDL-1007 : undeclared symbol 'open_n377', assumed default net type 'wire' in top/ip/top_CORDIC_0/top_CORDIC_0_gate.v(39018)
HDL-1007 : undeclared symbol 'open_n378', assumed default net type 'wire' in top/ip/top_CORDIC_0/top_CORDIC_0_gate.v(39025)
HDL-1007 : undeclared symbol 'open_n379', assumed default net type 'wire' in top/ip/top_CORDIC_0/top_CORDIC_0_gate.v(39207)
HDL-1007 : undeclared symbol 'open_n382', assumed default net type 'wire' in top/ip/top_CORDIC_0/top_CORDIC_0_gate.v(39212)
HDL-1007 : undeclared symbol 'open_n383', assumed default net type 'wire' in top/ip/top_CORDIC_0/top_CORDIC_0_gate.v(39429)
HDL-1007 : undeclared symbol 'open_n386', assumed default net type 'wire' in top/ip/top_CORDIC_0/top_CORDIC_0_gate.v(39434)
HDL-1007 : undeclared symbol 'open_n387', assumed default net type 'wire' in top/ip/top_CORDIC_0/top_CORDIC_0_gate.v(39651)
HDL-1007 : undeclared symbol 'open_n390', assumed default net type 'wire' in top/ip/top_CORDIC_0/top_CORDIC_0_gate.v(39656)
HDL-1007 : undeclared symbol 'open_n391', assumed default net type 'wire' in top/ip/top_CORDIC_0/top_CORDIC_0_gate.v(39663)
HDL-1007 : undeclared symbol 'open_n392', assumed default net type 'wire' in top/ip/top_CORDIC_0/top_CORDIC_0_gate.v(39852)
HDL-1007 : undeclared symbol 'open_n395', assumed default net type 'wire' in top/ip/top_CORDIC_0/top_CORDIC_0_gate.v(39857)
HDL-1007 : undeclared symbol 'open_n396', assumed default net type 'wire' in top/ip/top_CORDIC_0/top_CORDIC_0_gate.v(40074)
HDL-1007 : undeclared symbol 'open_n399', assumed default net type 'wire' in top/ip/top_CORDIC_0/top_CORDIC_0_gate.v(40079)
HDL-1007 : undeclared symbol 'open_n400', assumed default net type 'wire' in top/ip/top_CORDIC_0/top_CORDIC_0_gate.v(40296)
HDL-1007 : undeclared symbol 'open_n403', assumed default net type 'wire' in top/ip/top_CORDIC_0/top_CORDIC_0_gate.v(40301)
HDL-1007 : undeclared symbol 'open_n404', assumed default net type 'wire' in top/ip/top_CORDIC_0/top_CORDIC_0_gate.v(40308)
HDL-1007 : undeclared symbol 'open_n405', assumed default net type 'wire' in top/ip/top_CORDIC_0/top_CORDIC_0_gate.v(40504)
HDL-1007 : undeclared symbol 'open_n408', assumed default net type 'wire' in top/ip/top_CORDIC_0/top_CORDIC_0_gate.v(40509)
HDL-1007 : undeclared symbol 'open_n409', assumed default net type 'wire' in top/ip/top_CORDIC_0/top_CORDIC_0_gate.v(40726)
HDL-1007 : undeclared symbol 'open_n412', assumed default net type 'wire' in top/ip/top_CORDIC_0/top_CORDIC_0_gate.v(40731)
HDL-1007 : undeclared symbol 'open_n413', assumed default net type 'wire' in top/ip/top_CORDIC_0/top_CORDIC_0_gate.v(40948)
HDL-1007 : undeclared symbol 'open_n416', assumed default net type 'wire' in top/ip/top_CORDIC_0/top_CORDIC_0_gate.v(40953)
HDL-1007 : undeclared symbol 'open_n417', assumed default net type 'wire' in top/ip/top_CORDIC_0/top_CORDIC_0_gate.v(40960)
HDL-1007 : undeclared symbol 'open_n418', assumed default net type 'wire' in top/ip/top_CORDIC_0/top_CORDIC_0_gate.v(41163)
HDL-1007 : undeclared symbol 'open_n421', assumed default net type 'wire' in top/ip/top_CORDIC_0/top_CORDIC_0_gate.v(41168)
HDL-1007 : undeclared symbol 'open_n422', assumed default net type 'wire' in top/ip/top_CORDIC_0/top_CORDIC_0_gate.v(41175)
HDL-1007 : undeclared symbol 'open_n423', assumed default net type 'wire' in top/ip/top_CORDIC_0/top_CORDIC_0_gate.v(41182)
HDL-1007 : undeclared symbol 'open_n424', assumed default net type 'wire' in top/ip/top_CORDIC_0/top_CORDIC_0_gate.v(41189)
HDL-1007 : undeclared symbol 'open_n425', assumed default net type 'wire' in top/ip/top_CORDIC_0/top_CORDIC_0_gate.v(41196)
HDL-1007 : undeclared symbol 'open_n426', assumed default net type 'wire' in top/ip/top_CORDIC_0/top_CORDIC_0_gate.v(41203)
HDL-1007 : undeclared symbol 'open_n427', assumed default net type 'wire' in top/ip/top_CORDIC_0/top_CORDIC_0_gate.v(41210)
HDL-1007 : undeclared symbol 'open_n428', assumed default net type 'wire' in top/ip/top_CORDIC_0/top_CORDIC_0_gate.v(41217)
HDL-1007 : undeclared symbol 'open_n429', assumed default net type 'wire' in top/ip/top_CORDIC_0/top_CORDIC_0_gate.v(41224)
HDL-1007 : undeclared symbol 'open_n430', assumed default net type 'wire' in top/ip/top_CORDIC_0/top_CORDIC_0_gate.v(41231)
HDL-1007 : undeclared symbol 'open_n431', assumed default net type 'wire' in top/ip/top_CORDIC_0/top_CORDIC_0_gate.v(41238)
HDL-1007 : undeclared symbol 'open_n432', assumed default net type 'wire' in top/ip/top_CORDIC_0/top_CORDIC_0_gate.v(41245)
HDL-1007 : undeclared symbol 'open_n433', assumed default net type 'wire' in top/ip/top_CORDIC_0/top_CORDIC_0_gate.v(41252)
HDL-1007 : undeclared symbol 'open_n434', assumed default net type 'wire' in top/ip/top_CORDIC_0/top_CORDIC_0_gate.v(41259)
HDL-1007 : undeclared symbol 'open_n435', assumed default net type 'wire' in top/ip/top_CORDIC_0/top_CORDIC_0_gate.v(41266)
HDL-1007 : undeclared symbol 'open_n436', assumed default net type 'wire' in top/ip/top_CORDIC_0/top_CORDIC_0_gate.v(41273)
HDL-1007 : undeclared symbol 'open_n437', assumed default net type 'wire' in top/ip/top_CORDIC_0/top_CORDIC_0_gate.v(41280)
HDL-1007 : undeclared symbol 'open_n438', assumed default net type 'wire' in top/ip/top_CORDIC_0/top_CORDIC_0_gate.v(41287)
HDL-1007 : undeclared symbol 'open_n439', assumed default net type 'wire' in top/ip/top_CORDIC_0/top_CORDIC_0_gate.v(41294)
HDL-1007 : undeclared symbol 'open_n440', assumed default net type 'wire' in top/ip/top_CORDIC_0/top_CORDIC_0_gate.v(41301)
HDL-1007 : undeclared symbol 'open_n441', assumed default net type 'wire' in top/ip/top_CORDIC_0/top_CORDIC_0_gate.v(41308)
HDL-1007 : undeclared symbol 'open_n442', assumed default net type 'wire' in top/ip/top_CORDIC_0/top_CORDIC_0_gate.v(41315)
HDL-1007 : undeclared symbol 'open_n443', assumed default net type 'wire' in top/ip/top_CORDIC_0/top_CORDIC_0_gate.v(41322)
HDL-1007 : undeclared symbol 'open_n444', assumed default net type 'wire' in top/ip/top_CORDIC_0/top_CORDIC_0_gate.v(41329)
HDL-1007 : undeclared symbol 'open_n445', assumed default net type 'wire' in top/ip/top_CORDIC_0/top_CORDIC_0_gate.v(41336)
HDL-1007 : undeclared symbol 'open_n446', assumed default net type 'wire' in top/ip/top_CORDIC_0/top_CORDIC_0_gate.v(41343)
HDL-1007 : undeclared symbol 'open_n447', assumed default net type 'wire' in top/ip/top_CORDIC_0/top_CORDIC_0_gate.v(41350)
HDL-1007 : undeclared symbol 'open_n448', assumed default net type 'wire' in top/ip/top_CORDIC_0/top_CORDIC_0_gate.v(41357)
HDL-1007 : undeclared symbol 'open_n449', assumed default net type 'wire' in top/ip/top_CORDIC_0/top_CORDIC_0_gate.v(41385)
HDL-1007 : undeclared symbol 'open_n452', assumed default net type 'wire' in top/ip/top_CORDIC_0/top_CORDIC_0_gate.v(41390)
HDL-1007 : undeclared symbol 'open_n453', assumed default net type 'wire' in top/ip/top_CORDIC_0/top_CORDIC_0_gate.v(41607)
HDL-1007 : undeclared symbol 'open_n456', assumed default net type 'wire' in top/ip/top_CORDIC_0/top_CORDIC_0_gate.v(41612)
HDL-1007 : undeclared symbol 'open_n457', assumed default net type 'wire' in top/ip/top_CORDIC_0/top_CORDIC_0_gate.v(41619)
HDL-1007 : undeclared symbol 'open_n458', assumed default net type 'wire' in top/ip/top_CORDIC_0/top_CORDIC_0_gate.v(41829)
HDL-1007 : undeclared symbol 'open_n461', assumed default net type 'wire' in top/ip/top_CORDIC_0/top_CORDIC_0_gate.v(41834)
HDL-1007 : undeclared symbol 'open_n462', assumed default net type 'wire' in top/ip/top_CORDIC_0/top_CORDIC_0_gate.v(41841)
HDL-1007 : undeclared symbol 'open_n463', assumed default net type 'wire' in top/ip/top_CORDIC_0/top_CORDIC_0_gate.v(41848)
HDL-1007 : undeclared symbol 'open_n464', assumed default net type 'wire' in top/ip/top_CORDIC_0/top_CORDIC_0_gate.v(41855)
HDL-1007 : undeclared symbol 'open_n465', assumed default net type 'wire' in top/ip/top_CORDIC_0/top_CORDIC_0_gate.v(41862)
HDL-1007 : undeclared symbol 'open_n466', assumed default net type 'wire' in top/ip/top_CORDIC_0/top_CORDIC_0_gate.v(41869)
HDL-1007 : undeclared symbol 'open_n467', assumed default net type 'wire' in top/ip/top_CORDIC_0/top_CORDIC_0_gate.v(41876)
HDL-1007 : undeclared symbol 'open_n468', assumed default net type 'wire' in top/ip/top_CORDIC_0/top_CORDIC_0_gate.v(41883)
HDL-1007 : undeclared symbol 'open_n469', assumed default net type 'wire' in top/ip/top_CORDIC_0/top_CORDIC_0_gate.v(41890)
HDL-1007 : undeclared symbol 'open_n470', assumed default net type 'wire' in top/ip/top_CORDIC_0/top_CORDIC_0_gate.v(41897)
HDL-1007 : undeclared symbol 'open_n471', assumed default net type 'wire' in top/ip/top_CORDIC_0/top_CORDIC_0_gate.v(41904)
HDL-1007 : undeclared symbol 'open_n472', assumed default net type 'wire' in top/ip/top_CORDIC_0/top_CORDIC_0_gate.v(41911)
HDL-1007 : undeclared symbol 'open_n473', assumed default net type 'wire' in top/ip/top_CORDIC_0/top_CORDIC_0_gate.v(41918)
HDL-1007 : undeclared symbol 'open_n474', assumed default net type 'wire' in top/ip/top_CORDIC_0/top_CORDIC_0_gate.v(41925)
HDL-1007 : undeclared symbol 'open_n475', assumed default net type 'wire' in top/ip/top_CORDIC_0/top_CORDIC_0_gate.v(41932)
HDL-1007 : undeclared symbol 'open_n476', assumed default net type 'wire' in top/ip/top_CORDIC_0/top_CORDIC_0_gate.v(41939)
HDL-1007 : undeclared symbol 'open_n477', assumed default net type 'wire' in top/ip/top_CORDIC_0/top_CORDIC_0_gate.v(41946)
HDL-1007 : undeclared symbol 'open_n478', assumed default net type 'wire' in top/ip/top_CORDIC_0/top_CORDIC_0_gate.v(41953)
HDL-1007 : undeclared symbol 'open_n479', assumed default net type 'wire' in top/ip/top_CORDIC_0/top_CORDIC_0_gate.v(41960)
HDL-1007 : undeclared symbol 'open_n480', assumed default net type 'wire' in top/ip/top_CORDIC_0/top_CORDIC_0_gate.v(41967)
HDL-1007 : undeclared symbol 'open_n481', assumed default net type 'wire' in top/ip/top_CORDIC_0/top_CORDIC_0_gate.v(41974)
HDL-1007 : undeclared symbol 'open_n482', assumed default net type 'wire' in top/ip/top_CORDIC_0/top_CORDIC_0_gate.v(41981)
HDL-1007 : undeclared symbol 'open_n483', assumed default net type 'wire' in top/ip/top_CORDIC_0/top_CORDIC_0_gate.v(41988)
HDL-1007 : undeclared symbol 'open_n484', assumed default net type 'wire' in top/ip/top_CORDIC_0/top_CORDIC_0_gate.v(41995)
HDL-1007 : undeclared symbol 'open_n485', assumed default net type 'wire' in top/ip/top_CORDIC_0/top_CORDIC_0_gate.v(42002)
HDL-1007 : undeclared symbol 'open_n486', assumed default net type 'wire' in top/ip/top_CORDIC_0/top_CORDIC_0_gate.v(42009)
HDL-1007 : undeclared symbol 'open_n487', assumed default net type 'wire' in top/ip/top_CORDIC_0/top_CORDIC_0_gate.v(42016)
HDL-1007 : undeclared symbol 'open_n488', assumed default net type 'wire' in top/ip/top_CORDIC_0/top_CORDIC_0_gate.v(42023)
HDL-1007 : undeclared symbol 'open_n489', assumed default net type 'wire' in top/ip/top_CORDIC_0/top_CORDIC_0_gate.v(42030)
HDL-1007 : undeclared symbol 'open_n490', assumed default net type 'wire' in top/ip/top_CORDIC_0/top_CORDIC_0_gate.v(42037)
HDL-1007 : undeclared symbol 'open_n491', assumed default net type 'wire' in top/ip/top_CORDIC_0/top_CORDIC_0_gate.v(42044)
HDL-1007 : undeclared symbol 'open_n492', assumed default net type 'wire' in top/ip/top_CORDIC_0/top_CORDIC_0_gate.v(42051)
HDL-1007 : undeclared symbol 'open_n495', assumed default net type 'wire' in top/ip/top_CORDIC_0/top_CORDIC_0_gate.v(42056)
HDL-1007 : undeclared symbol 'open_n496', assumed default net type 'wire' in top/ip/top_CORDIC_0/top_CORDIC_0_gate.v(42063)
HDL-1007 : undeclared symbol 'open_n497', assumed default net type 'wire' in top/ip/top_CORDIC_0/top_CORDIC_0_gate.v(42273)
HDL-1007 : undeclared symbol 'open_n498', assumed default net type 'wire' in top/ip/top_CORDIC_0/top_CORDIC_0_gate.v(42280)
HDL-1007 : undeclared symbol 'open_n499', assumed default net type 'wire' in top/ip/top_CORDIC_0/top_CORDIC_0_gate.v(42476)
HDL-1007 : undeclared symbol 'open_n502', assumed default net type 'wire' in top/ip/top_CORDIC_0/top_CORDIC_0_gate.v(42481)
HDL-1007 : undeclared symbol 'open_n505', assumed default net type 'wire' in top/ip/top_CORDIC_0/top_CORDIC_0_gate.v(42577)
HDL-1007 : undeclared symbol 'open_n506', assumed default net type 'wire' in top/ip/top_CORDIC_0/top_CORDIC_0_gate.v(42682)
HDL-1007 : undeclared symbol 'open_n509', assumed default net type 'wire' in top/ip/top_CORDIC_0/top_CORDIC_0_gate.v(42869)
HDL-1007 : undeclared symbol 'open_n510', assumed default net type 'wire' in top/ip/top_CORDIC_0/top_CORDIC_0_gate.v(42904)
HDL-1007 : undeclared symbol 'open_n513', assumed default net type 'wire' in top/ip/top_CORDIC_0/top_CORDIC_0_gate.v(43091)
HDL-1007 : undeclared symbol 'open_n514', assumed default net type 'wire' in top/ip/top_CORDIC_0/top_CORDIC_0_gate.v(43126)
HDL-1007 : undeclared symbol 'open_n515', assumed default net type 'wire' in top/ip/top_CORDIC_0/top_CORDIC_0_gate.v(43364)
HDL-1007 : undeclared symbol 'open_n518', assumed default net type 'wire' in top/ip/top_CORDIC_0/top_CORDIC_0_gate.v(43369)
HDL-1007 : undeclared symbol 'open_n521', assumed default net type 'wire' in top/ip/top_CORDIC_0/top_CORDIC_0_gate.v(43395)
HDL-1007 : undeclared symbol 'open_n522', assumed default net type 'wire' in top/ip/top_CORDIC_0/top_CORDIC_0_gate.v(43402)
HDL-1007 : undeclared symbol 'open_n523', assumed default net type 'wire' in top/ip/top_CORDIC_0/top_CORDIC_0_gate.v(43409)
HDL-1007 : undeclared symbol 'open_n524', assumed default net type 'wire' in top/ip/top_CORDIC_0/top_CORDIC_0_gate.v(43626)
HDL-1007 : undeclared symbol 'open_n527', assumed default net type 'wire' in top/ip/top_CORDIC_0/top_CORDIC_0_gate.v(44207)
HDL-1007 : undeclared symbol 'open_n528', assumed default net type 'wire' in top/ip/top_CORDIC_0/top_CORDIC_0_gate.v(44284)
HDL-1007 : undeclared symbol 'open_n529', assumed default net type 'wire' in top/ip/top_CORDIC_0/top_CORDIC_0_gate.v(44382)
HDL-1007 : undeclared symbol 'open_n532', assumed default net type 'wire' in top/ip/top_CORDIC_0/top_CORDIC_0_gate.v(44429)
HDL-1007 : undeclared symbol 'open_n533', assumed default net type 'wire' in top/ip/top_CORDIC_0/top_CORDIC_0_gate.v(44506)
HDL-1007 : undeclared symbol 'open_n534', assumed default net type 'wire' in top/ip/top_CORDIC_0/top_CORDIC_0_gate.v(44604)
HDL-1007 : undeclared symbol 'open_n535', assumed default net type 'wire' in top/ip/top_CORDIC_0/top_CORDIC_0_gate.v(44828)
HDL-1007 : undeclared symbol 'open_n538', assumed default net type 'wire' in top/ip/top_CORDIC_0/top_CORDIC_0_gate.v(44833)
HDL-1007 : undeclared symbol 'open_n541', assumed default net type 'wire' in top/ip/top_CORDIC_0/top_CORDIC_0_gate.v(44873)
HDL-1007 : undeclared symbol 'open_n542', assumed default net type 'wire' in top/ip/top_CORDIC_0/top_CORDIC_0_gate.v(44880)
HDL-1007 : undeclared symbol 'open_n543', assumed default net type 'wire' in top/ip/top_CORDIC_0/top_CORDIC_0_gate.v(45104)
HDL-1007 : undeclared symbol 'open_n544', assumed default net type 'wire' in top/ip/top_CORDIC_0/top_CORDIC_0_gate.v(45307)
HDL-1007 : undeclared symbol 'open_n547', assumed default net type 'wire' in top/ip/top_CORDIC_0/top_CORDIC_0_gate.v(45312)
HDL-1007 : undeclared symbol 'open_n548', assumed default net type 'wire' in top/ip/top_CORDIC_0/top_CORDIC_0_gate.v(45536)
HDL-1007 : undeclared symbol 'open_n551', assumed default net type 'wire' in top/ip/top_CORDIC_0/top_CORDIC_0_gate.v(45541)
HDL-1007 : undeclared symbol 'open_n552', assumed default net type 'wire' in top/ip/top_CORDIC_0/top_CORDIC_0_gate.v(45758)
HDL-1007 : undeclared symbol 'open_n555', assumed default net type 'wire' in top/ip/top_CORDIC_0/top_CORDIC_0_gate.v(45763)
HDL-1007 : undeclared symbol 'open_n556', assumed default net type 'wire' in top/ip/top_CORDIC_0/top_CORDIC_0_gate.v(45987)
HDL-1007 : undeclared symbol 'open_n559', assumed default net type 'wire' in top/ip/top_CORDIC_0/top_CORDIC_0_gate.v(45992)
HDL-1007 : undeclared symbol 'open_n562', assumed default net type 'wire' in top/ip/top_CORDIC_0/top_CORDIC_0_gate.v(45997)
HDL-1007 : undeclared symbol 'open_n563', assumed default net type 'wire' in top/ip/top_CORDIC_0/top_CORDIC_0_gate.v(46004)
HDL-1007 : undeclared symbol 'open_n564', assumed default net type 'wire' in top/ip/top_CORDIC_0/top_CORDIC_0_gate.v(46228)
HDL-1007 : undeclared symbol 'open_n565', assumed default net type 'wire' in top/ip/top_CORDIC_0/top_CORDIC_0_gate.v(46445)
HDL-1007 : undeclared symbol 'open_n568', assumed default net type 'wire' in top/ip/top_CORDIC_0/top_CORDIC_0_gate.v(46450)
HDL-1007 : undeclared symbol 'open_n571', assumed default net type 'wire' in top/ip/top_CORDIC_0/top_CORDIC_0_gate.v(46455)
HDL-1007 : undeclared symbol 'open_n572', assumed default net type 'wire' in top/ip/top_CORDIC_0/top_CORDIC_0_gate.v(46672)
HDL-1007 : undeclared symbol 'open_n575', assumed default net type 'wire' in top/ip/top_CORDIC_0/top_CORDIC_0_gate.v(46677)
HDL-1007 : undeclared symbol 'open_n576', assumed default net type 'wire' in top/ip/top_CORDIC_0/top_CORDIC_0_gate.v(46894)
HDL-1007 : undeclared symbol 'open_n579', assumed default net type 'wire' in top/ip/top_CORDIC_0/top_CORDIC_0_gate.v(46899)
HDL-1007 : undeclared symbol 'open_n580', assumed default net type 'wire' in top/ip/top_CORDIC_0/top_CORDIC_0_gate.v(47116)
HDL-1007 : undeclared symbol 'open_n583', assumed default net type 'wire' in top/ip/top_CORDIC_0/top_CORDIC_0_gate.v(47121)
HDL-1007 : undeclared symbol 'open_n584', assumed default net type 'wire' in top/ip/top_CORDIC_0/top_CORDIC_0_gate.v(47128)
HDL-1007 : undeclared symbol 'open_n585', assumed default net type 'wire' in top/ip/top_CORDIC_0/top_CORDIC_0_gate.v(47352)
HDL-1007 : undeclared symbol 'open_n588', assumed default net type 'wire' in top/ip/top_CORDIC_0/top_CORDIC_0_gate.v(47357)
HDL-1007 : undeclared symbol 'open_n589', assumed default net type 'wire' in top/ip/top_CORDIC_0/top_CORDIC_0_gate.v(47574)
HDL-1007 : undeclared symbol 'open_n592', assumed default net type 'wire' in top/ip/top_CORDIC_0/top_CORDIC_0_gate.v(47579)
HDL-1007 : undeclared symbol 'open_n593', assumed default net type 'wire' in top/ip/top_CORDIC_0/top_CORDIC_0_gate.v(47796)
HDL-1007 : undeclared symbol 'open_n596', assumed default net type 'wire' in top/ip/top_CORDIC_0/top_CORDIC_0_gate.v(47801)
HDL-1007 : undeclared symbol 'open_n597', assumed default net type 'wire' in top/ip/top_CORDIC_0/top_CORDIC_0_gate.v(47808)
HDL-1007 : undeclared symbol 'open_n598', assumed default net type 'wire' in top/ip/top_CORDIC_0/top_CORDIC_0_gate.v(48032)
HDL-1007 : undeclared symbol 'open_n601', assumed default net type 'wire' in top/ip/top_CORDIC_0/top_CORDIC_0_gate.v(48037)
HDL-1007 : undeclared symbol 'open_n602', assumed default net type 'wire' in top/ip/top_CORDIC_0/top_CORDIC_0_gate.v(48254)
HDL-1007 : undeclared symbol 'open_n605', assumed default net type 'wire' in top/ip/top_CORDIC_0/top_CORDIC_0_gate.v(48259)
HDL-1007 : undeclared symbol 'open_n606', assumed default net type 'wire' in top/ip/top_CORDIC_0/top_CORDIC_0_gate.v(48476)
HDL-1007 : undeclared symbol 'open_n609', assumed default net type 'wire' in top/ip/top_CORDIC_0/top_CORDIC_0_gate.v(48481)
HDL-1007 : undeclared symbol 'open_n610', assumed default net type 'wire' in top/ip/top_CORDIC_0/top_CORDIC_0_gate.v(48488)
HDL-1007 : undeclared symbol 'open_n611', assumed default net type 'wire' in top/ip/top_CORDIC_0/top_CORDIC_0_gate.v(48712)
HDL-1007 : undeclared symbol 'open_n614', assumed default net type 'wire' in top/ip/top_CORDIC_0/top_CORDIC_0_gate.v(48717)
HDL-1007 : undeclared symbol 'open_n615', assumed default net type 'wire' in top/ip/top_CORDIC_0/top_CORDIC_0_gate.v(48934)
HDL-1007 : undeclared symbol 'open_n616', assumed default net type 'wire' in top/ip/top_CORDIC_0/top_CORDIC_0_gate.v(49116)
HDL-1007 : undeclared symbol 'open_n619', assumed default net type 'wire' in top/ip/top_CORDIC_0/top_CORDIC_0_gate.v(49121)
HDL-1007 : undeclared symbol 'open_n622', assumed default net type 'wire' in top/ip/top_CORDIC_0/top_CORDIC_0_gate.v(49161)
HDL-1007 : undeclared symbol 'open_n623', assumed default net type 'wire' in top/ip/top_CORDIC_0/top_CORDIC_0_gate.v(49378)
HDL-1007 : undeclared symbol 'open_n626', assumed default net type 'wire' in top/ip/top_CORDIC_0/top_CORDIC_0_gate.v(49383)
HDL-1007 : undeclared symbol 'open_n627', assumed default net type 'wire' in top/ip/top_CORDIC_0/top_CORDIC_0_gate.v(49390)
HDL-1007 : undeclared symbol 'open_n628', assumed default net type 'wire' in top/ip/top_CORDIC_0/top_CORDIC_0_gate.v(49614)
HDL-1007 : undeclared symbol 'open_n631', assumed default net type 'wire' in top/ip/top_CORDIC_0/top_CORDIC_0_gate.v(49619)
HDL-1007 : undeclared symbol 'open_n632', assumed default net type 'wire' in top/ip/top_CORDIC_0/top_CORDIC_0_gate.v(49836)
HDL-1007 : undeclared symbol 'open_n635', assumed default net type 'wire' in top/ip/top_CORDIC_0/top_CORDIC_0_gate.v(49841)
HDL-1007 : undeclared symbol 'open_n636', assumed default net type 'wire' in top/ip/top_CORDIC_0/top_CORDIC_0_gate.v(50058)
HDL-1007 : undeclared symbol 'open_n639', assumed default net type 'wire' in top/ip/top_CORDIC_0/top_CORDIC_0_gate.v(50063)
HDL-1007 : undeclared symbol 'open_n640', assumed default net type 'wire' in top/ip/top_CORDIC_0/top_CORDIC_0_gate.v(50070)
HDL-1007 : undeclared symbol 'open_n641', assumed default net type 'wire' in top/ip/top_CORDIC_0/top_CORDIC_0_gate.v(50294)
HDL-1007 : undeclared symbol 'open_n644', assumed default net type 'wire' in top/ip/top_CORDIC_0/top_CORDIC_0_gate.v(50299)
HDL-1007 : undeclared symbol 'open_n645', assumed default net type 'wire' in top/ip/top_CORDIC_0/top_CORDIC_0_gate.v(50516)
HDL-1007 : undeclared symbol 'open_n648', assumed default net type 'wire' in top/ip/top_CORDIC_0/top_CORDIC_0_gate.v(50521)
HDL-1007 : undeclared symbol 'open_n649', assumed default net type 'wire' in top/ip/top_CORDIC_0/top_CORDIC_0_gate.v(50738)
HDL-1007 : undeclared symbol 'open_n652', assumed default net type 'wire' in top/ip/top_CORDIC_0/top_CORDIC_0_gate.v(50743)
HDL-1007 : undeclared symbol 'open_n653', assumed default net type 'wire' in top/ip/top_CORDIC_0/top_CORDIC_0_gate.v(50750)
HDL-1007 : undeclared symbol 'open_n654', assumed default net type 'wire' in top/ip/top_CORDIC_0/top_CORDIC_0_gate.v(50974)
HDL-1007 : undeclared symbol 'open_n657', assumed default net type 'wire' in top/ip/top_CORDIC_0/top_CORDIC_0_gate.v(50979)
HDL-1007 : undeclared symbol 'open_n658', assumed default net type 'wire' in top/ip/top_CORDIC_0/top_CORDIC_0_gate.v(51196)
HDL-1007 : undeclared symbol 'open_n661', assumed default net type 'wire' in top/ip/top_CORDIC_0/top_CORDIC_0_gate.v(51201)
HDL-1007 : undeclared symbol 'open_n662', assumed default net type 'wire' in top/ip/top_CORDIC_0/top_CORDIC_0_gate.v(51418)
HDL-1007 : undeclared symbol 'open_n663', assumed default net type 'wire' in top/ip/top_CORDIC_0/top_CORDIC_0_gate.v(51607)
HDL-1007 : undeclared symbol 'open_n666', assumed default net type 'wire' in top/ip/top_CORDIC_0/top_CORDIC_0_gate.v(51612)
HDL-1007 : undeclared symbol 'open_n669', assumed default net type 'wire' in top/ip/top_CORDIC_0/top_CORDIC_0_gate.v(51645)
HDL-1007 : undeclared symbol 'open_n670', assumed default net type 'wire' in top/ip/top_CORDIC_0/top_CORDIC_0_gate.v(51862)
HDL-1007 : undeclared symbol 'open_n673', assumed default net type 'wire' in top/ip/top_CORDIC_0/top_CORDIC_0_gate.v(51867)
HDL-1007 : undeclared symbol 'open_n674', assumed default net type 'wire' in top/ip/top_CORDIC_0/top_CORDIC_0_gate.v(52084)
HDL-1007 : undeclared symbol 'open_n677', assumed default net type 'wire' in top/ip/top_CORDIC_0/top_CORDIC_0_gate.v(52089)
HDL-1007 : undeclared symbol 'open_n678', assumed default net type 'wire' in top/ip/top_CORDIC_0/top_CORDIC_0_gate.v(52306)
HDL-1007 : undeclared symbol 'open_n681', assumed default net type 'wire' in top/ip/top_CORDIC_0/top_CORDIC_0_gate.v(52311)
HDL-1007 : undeclared symbol 'open_n682', assumed default net type 'wire' in top/ip/top_CORDIC_0/top_CORDIC_0_gate.v(52528)
HDL-1007 : undeclared symbol 'open_n685', assumed default net type 'wire' in top/ip/top_CORDIC_0/top_CORDIC_0_gate.v(52533)
HDL-1007 : undeclared symbol 'open_n686', assumed default net type 'wire' in top/ip/top_CORDIC_0/top_CORDIC_0_gate.v(52750)
HDL-1007 : undeclared symbol 'open_n689', assumed default net type 'wire' in top/ip/top_CORDIC_0/top_CORDIC_0_gate.v(52755)
HDL-1007 : undeclared symbol 'open_n690', assumed default net type 'wire' in top/ip/top_CORDIC_0/top_CORDIC_0_gate.v(52832)
HDL-1007 : undeclared symbol 'open_n691', assumed default net type 'wire' in top/ip/top_CORDIC_0/top_CORDIC_0_gate.v(52930)
HDL-1007 : undeclared symbol 'open_n694', assumed default net type 'wire' in top/ip/top_CORDIC_0/top_CORDIC_0_gate.v(52977)
HDL-1007 : undeclared symbol 'open_n695', assumed default net type 'wire' in top/ip/top_CORDIC_0/top_CORDIC_0_gate.v(52984)
HDL-1007 : undeclared symbol 'open_n696', assumed default net type 'wire' in top/ip/top_CORDIC_0/top_CORDIC_0_gate.v(53201)
HDL-1007 : undeclared symbol 'open_n699', assumed default net type 'wire' in top/ip/top_CORDIC_0/top_CORDIC_0_gate.v(53206)
HDL-1007 : undeclared symbol 'open_n700', assumed default net type 'wire' in top/ip/top_CORDIC_0/top_CORDIC_0_gate.v(53381)
HDL-1007 : undeclared symbol 'open_n703', assumed default net type 'wire' in top/ip/top_CORDIC_0/top_CORDIC_0_gate.v(53428)
HDL-1007 : undeclared symbol 'open_n704', assumed default net type 'wire' in top/ip/top_CORDIC_0/top_CORDIC_0_gate.v(53645)
HDL-1007 : undeclared symbol 'open_n707', assumed default net type 'wire' in top/ip/top_CORDIC_0/top_CORDIC_0_gate.v(53650)
HDL-1007 : undeclared symbol 'open_n708', assumed default net type 'wire' in top/ip/top_CORDIC_0/top_CORDIC_0_gate.v(53867)
HDL-1007 : undeclared symbol 'open_n711', assumed default net type 'wire' in top/ip/top_CORDIC_0/top_CORDIC_0_gate.v(53872)
HDL-1007 : undeclared symbol 'open_n712', assumed default net type 'wire' in top/ip/top_CORDIC_0/top_CORDIC_0_gate.v(54089)
HDL-1007 : undeclared symbol 'open_n715', assumed default net type 'wire' in top/ip/top_CORDIC_0/top_CORDIC_0_gate.v(54094)
HDL-1007 : undeclared symbol 'open_n716', assumed default net type 'wire' in top/ip/top_CORDIC_0/top_CORDIC_0_gate.v(54311)
HDL-1007 : undeclared symbol 'open_n719', assumed default net type 'wire' in top/ip/top_CORDIC_0/top_CORDIC_0_gate.v(54316)
HDL-1007 : undeclared symbol 'open_n720', assumed default net type 'wire' in top/ip/top_CORDIC_0/top_CORDIC_0_gate.v(54533)
HDL-1007 : undeclared symbol 'open_n723', assumed default net type 'wire' in top/ip/top_CORDIC_0/top_CORDIC_0_gate.v(54538)
HDL-1007 : undeclared symbol 'open_n724', assumed default net type 'wire' in top/ip/top_CORDIC_0/top_CORDIC_0_gate.v(54755)
HDL-1007 : undeclared symbol 'open_n725', assumed default net type 'wire' in top/ip/top_CORDIC_0/top_CORDIC_0_gate.v(54944)
HDL-1007 : undeclared symbol 'open_n728', assumed default net type 'wire' in top/ip/top_CORDIC_0/top_CORDIC_0_gate.v(54949)
HDL-1007 : undeclared symbol 'open_n731', assumed default net type 'wire' in top/ip/top_CORDIC_0/top_CORDIC_0_gate.v(54982)
HDL-1007 : undeclared symbol 'open_n732', assumed default net type 'wire' in top/ip/top_CORDIC_0/top_CORDIC_0_gate.v(55199)
HDL-1007 : undeclared symbol 'open_n735', assumed default net type 'wire' in top/ip/top_CORDIC_0/top_CORDIC_0_gate.v(55204)
HDL-1007 : undeclared symbol 'open_n736', assumed default net type 'wire' in top/ip/top_CORDIC_0/top_CORDIC_0_gate.v(55421)
HDL-1007 : undeclared symbol 'open_n739', assumed default net type 'wire' in top/ip/top_CORDIC_0/top_CORDIC_0_gate.v(55426)
HDL-1007 : undeclared symbol 'open_n740', assumed default net type 'wire' in top/ip/top_CORDIC_0/top_CORDIC_0_gate.v(55643)
HDL-1007 : undeclared symbol 'open_n743', assumed default net type 'wire' in top/ip/top_CORDIC_0/top_CORDIC_0_gate.v(55648)
HDL-1007 : undeclared symbol 'open_n744', assumed default net type 'wire' in top/ip/top_CORDIC_0/top_CORDIC_0_gate.v(55865)
HDL-1007 : undeclared symbol 'open_n747', assumed default net type 'wire' in top/ip/top_CORDIC_0/top_CORDIC_0_gate.v(55870)
HDL-1007 : undeclared symbol 'open_n748', assumed default net type 'wire' in top/ip/top_CORDIC_0/top_CORDIC_0_gate.v(56087)
HDL-1007 : undeclared symbol 'open_n751', assumed default net type 'wire' in top/ip/top_CORDIC_0/top_CORDIC_0_gate.v(56092)
HDL-1007 : undeclared symbol 'open_n752', assumed default net type 'wire' in top/ip/top_CORDIC_0/top_CORDIC_0_gate.v(56309)
HDL-1007 : undeclared symbol 'open_n755', assumed default net type 'wire' in top/ip/top_CORDIC_0/top_CORDIC_0_gate.v(56314)
HDL-1007 : undeclared symbol 'open_n756', assumed default net type 'wire' in top/ip/top_CORDIC_0/top_CORDIC_0_gate.v(56531)
HDL-1007 : undeclared symbol 'open_n757', assumed default net type 'wire' in top/ip/top_CORDIC_0/top_CORDIC_0_gate.v(56727)
HDL-1007 : undeclared symbol 'open_n760', assumed default net type 'wire' in top/ip/top_CORDIC_0/top_CORDIC_0_gate.v(56732)
HDL-1007 : undeclared symbol 'open_n763', assumed default net type 'wire' in top/ip/top_CORDIC_0/top_CORDIC_0_gate.v(56758)
HDL-1007 : undeclared symbol 'open_n764', assumed default net type 'wire' in top/ip/top_CORDIC_0/top_CORDIC_0_gate.v(56975)
HDL-1007 : undeclared symbol 'open_n767', assumed default net type 'wire' in top/ip/top_CORDIC_0/top_CORDIC_0_gate.v(56980)
HDL-1007 : undeclared symbol 'open_n768', assumed default net type 'wire' in top/ip/top_CORDIC_0/top_CORDIC_0_gate.v(57197)
HDL-1007 : undeclared symbol 'open_n771', assumed default net type 'wire' in top/ip/top_CORDIC_0/top_CORDIC_0_gate.v(57202)
HDL-1007 : undeclared symbol 'open_n772', assumed default net type 'wire' in top/ip/top_CORDIC_0/top_CORDIC_0_gate.v(57209)
HDL-1007 : undeclared symbol 'open_n773', assumed default net type 'wire' in top/ip/top_CORDIC_0/top_CORDIC_0_gate.v(57216)
HDL-1007 : undeclared symbol 'open_n774', assumed default net type 'wire' in top/ip/top_CORDIC_0/top_CORDIC_0_gate.v(57223)
HDL-1007 : undeclared symbol 'open_n775', assumed default net type 'wire' in top/ip/top_CORDIC_0/top_CORDIC_0_gate.v(57230)
HDL-1007 : undeclared symbol 'open_n776', assumed default net type 'wire' in top/ip/top_CORDIC_0/top_CORDIC_0_gate.v(57237)
HDL-1007 : undeclared symbol 'open_n777', assumed default net type 'wire' in top/ip/top_CORDIC_0/top_CORDIC_0_gate.v(57244)
HDL-1007 : undeclared symbol 'open_n778', assumed default net type 'wire' in top/ip/top_CORDIC_0/top_CORDIC_0_gate.v(57251)
HDL-1007 : undeclared symbol 'open_n779', assumed default net type 'wire' in top/ip/top_CORDIC_0/top_CORDIC_0_gate.v(57258)
HDL-1007 : undeclared symbol 'open_n780', assumed default net type 'wire' in top/ip/top_CORDIC_0/top_CORDIC_0_gate.v(57265)
HDL-1007 : undeclared symbol 'open_n781', assumed default net type 'wire' in top/ip/top_CORDIC_0/top_CORDIC_0_gate.v(57272)
HDL-1007 : undeclared symbol 'open_n782', assumed default net type 'wire' in top/ip/top_CORDIC_0/top_CORDIC_0_gate.v(57279)
HDL-1007 : undeclared symbol 'open_n783', assumed default net type 'wire' in top/ip/top_CORDIC_0/top_CORDIC_0_gate.v(57286)
HDL-1007 : undeclared symbol 'open_n784', assumed default net type 'wire' in top/ip/top_CORDIC_0/top_CORDIC_0_gate.v(57293)
HDL-1007 : undeclared symbol 'open_n785', assumed default net type 'wire' in top/ip/top_CORDIC_0/top_CORDIC_0_gate.v(57300)
HDL-1007 : undeclared symbol 'open_n786', assumed default net type 'wire' in top/ip/top_CORDIC_0/top_CORDIC_0_gate.v(57307)
HDL-1007 : undeclared symbol 'open_n787', assumed default net type 'wire' in top/ip/top_CORDIC_0/top_CORDIC_0_gate.v(57314)
HDL-1007 : undeclared symbol 'open_n788', assumed default net type 'wire' in top/ip/top_CORDIC_0/top_CORDIC_0_gate.v(57321)
HDL-1007 : undeclared symbol 'open_n789', assumed default net type 'wire' in top/ip/top_CORDIC_0/top_CORDIC_0_gate.v(57328)
HDL-1007 : undeclared symbol 'open_n790', assumed default net type 'wire' in top/ip/top_CORDIC_0/top_CORDIC_0_gate.v(57335)
HDL-1007 : undeclared symbol 'open_n791', assumed default net type 'wire' in top/ip/top_CORDIC_0/top_CORDIC_0_gate.v(57342)
HDL-1007 : undeclared symbol 'open_n792', assumed default net type 'wire' in top/ip/top_CORDIC_0/top_CORDIC_0_gate.v(57349)
HDL-1007 : undeclared symbol 'open_n793', assumed default net type 'wire' in top/ip/top_CORDIC_0/top_CORDIC_0_gate.v(57356)
HDL-1007 : undeclared symbol 'open_n794', assumed default net type 'wire' in top/ip/top_CORDIC_0/top_CORDIC_0_gate.v(57363)
HDL-1007 : undeclared symbol 'open_n795', assumed default net type 'wire' in top/ip/top_CORDIC_0/top_CORDIC_0_gate.v(57370)
HDL-1007 : undeclared symbol 'open_n796', assumed default net type 'wire' in top/ip/top_CORDIC_0/top_CORDIC_0_gate.v(57377)
HDL-1007 : undeclared symbol 'open_n797', assumed default net type 'wire' in top/ip/top_CORDIC_0/top_CORDIC_0_gate.v(57384)
HDL-1007 : undeclared symbol 'open_n798', assumed default net type 'wire' in top/ip/top_CORDIC_0/top_CORDIC_0_gate.v(57391)
HDL-1007 : undeclared symbol 'open_n799', assumed default net type 'wire' in top/ip/top_CORDIC_0/top_CORDIC_0_gate.v(57419)
HDL-1007 : undeclared symbol 'open_n802', assumed default net type 'wire' in top/ip/top_CORDIC_0/top_CORDIC_0_gate.v(57424)
HDL-1007 : undeclared symbol 'open_n803', assumed default net type 'wire' in top/ip/top_CORDIC_0/top_CORDIC_0_gate.v(57431)
HDL-1007 : undeclared symbol 'open_n804', assumed default net type 'wire' in top/ip/top_CORDIC_0/top_CORDIC_0_gate.v(57438)
HDL-1007 : undeclared symbol 'open_n805', assumed default net type 'wire' in top/ip/top_CORDIC_0/top_CORDIC_0_gate.v(57445)
HDL-1007 : undeclared symbol 'open_n806', assumed default net type 'wire' in top/ip/top_CORDIC_0/top_CORDIC_0_gate.v(57452)
HDL-1007 : undeclared symbol 'open_n807', assumed default net type 'wire' in top/ip/top_CORDIC_0/top_CORDIC_0_gate.v(57459)
HDL-1007 : undeclared symbol 'open_n808', assumed default net type 'wire' in top/ip/top_CORDIC_0/top_CORDIC_0_gate.v(57466)
HDL-1007 : undeclared symbol 'open_n809', assumed default net type 'wire' in top/ip/top_CORDIC_0/top_CORDIC_0_gate.v(57473)
HDL-1007 : undeclared symbol 'open_n810', assumed default net type 'wire' in top/ip/top_CORDIC_0/top_CORDIC_0_gate.v(57480)
HDL-1007 : undeclared symbol 'open_n811', assumed default net type 'wire' in top/ip/top_CORDIC_0/top_CORDIC_0_gate.v(57487)
HDL-1007 : undeclared symbol 'open_n812', assumed default net type 'wire' in top/ip/top_CORDIC_0/top_CORDIC_0_gate.v(57494)
HDL-1007 : undeclared symbol 'open_n813', assumed default net type 'wire' in top/ip/top_CORDIC_0/top_CORDIC_0_gate.v(57501)
HDL-1007 : undeclared symbol 'open_n814', assumed default net type 'wire' in top/ip/top_CORDIC_0/top_CORDIC_0_gate.v(57508)
HDL-1007 : undeclared symbol 'open_n815', assumed default net type 'wire' in top/ip/top_CORDIC_0/top_CORDIC_0_gate.v(57515)
HDL-1007 : undeclared symbol 'open_n816', assumed default net type 'wire' in top/ip/top_CORDIC_0/top_CORDIC_0_gate.v(57522)
HDL-1007 : undeclared symbol 'open_n817', assumed default net type 'wire' in top/ip/top_CORDIC_0/top_CORDIC_0_gate.v(57529)
HDL-1007 : undeclared symbol 'open_n818', assumed default net type 'wire' in top/ip/top_CORDIC_0/top_CORDIC_0_gate.v(57536)
HDL-1007 : undeclared symbol 'open_n819', assumed default net type 'wire' in top/ip/top_CORDIC_0/top_CORDIC_0_gate.v(57543)
HDL-1007 : undeclared symbol 'open_n820', assumed default net type 'wire' in top/ip/top_CORDIC_0/top_CORDIC_0_gate.v(57550)
HDL-1007 : undeclared symbol 'open_n821', assumed default net type 'wire' in top/ip/top_CORDIC_0/top_CORDIC_0_gate.v(57557)
HDL-1007 : undeclared symbol 'open_n822', assumed default net type 'wire' in top/ip/top_CORDIC_0/top_CORDIC_0_gate.v(57564)
HDL-1007 : undeclared symbol 'open_n823', assumed default net type 'wire' in top/ip/top_CORDIC_0/top_CORDIC_0_gate.v(57571)
HDL-1007 : undeclared symbol 'open_n824', assumed default net type 'wire' in top/ip/top_CORDIC_0/top_CORDIC_0_gate.v(57578)
HDL-1007 : undeclared symbol 'open_n825', assumed default net type 'wire' in top/ip/top_CORDIC_0/top_CORDIC_0_gate.v(57585)
HDL-1007 : undeclared symbol 'open_n826', assumed default net type 'wire' in top/ip/top_CORDIC_0/top_CORDIC_0_gate.v(57592)
HDL-1007 : undeclared symbol 'open_n827', assumed default net type 'wire' in top/ip/top_CORDIC_0/top_CORDIC_0_gate.v(57599)
HDL-1007 : undeclared symbol 'open_n828', assumed default net type 'wire' in top/ip/top_CORDIC_0/top_CORDIC_0_gate.v(57606)
HDL-1007 : undeclared symbol 'open_n829', assumed default net type 'wire' in top/ip/top_CORDIC_0/top_CORDIC_0_gate.v(57613)
HDL-1007 : undeclared symbol 'open_n830', assumed default net type 'wire' in top/ip/top_CORDIC_0/top_CORDIC_0_gate.v(57620)
HDL-1007 : undeclared symbol 'open_n831', assumed default net type 'wire' in top/ip/top_CORDIC_0/top_CORDIC_0_gate.v(57627)
HDL-1007 : undeclared symbol 'open_n832', assumed default net type 'wire' in top/ip/top_CORDIC_0/top_CORDIC_0_gate.v(57634)
HDL-1007 : undeclared symbol 'open_n833', assumed default net type 'wire' in top/ip/top_CORDIC_0/top_CORDIC_0_gate.v(57641)
HDL-1007 : undeclared symbol 'open_n836', assumed default net type 'wire' in top/ip/top_CORDIC_0/top_CORDIC_0_gate.v(57716)
HDL-1007 : undeclared symbol 'open_n837', assumed default net type 'wire' in top/ip/top_CORDIC_0/top_CORDIC_0_gate.v(57821)
HDL-1007 : undeclared symbol 'open_n840', assumed default net type 'wire' in top/ip/top_CORDIC_0/top_CORDIC_0_gate.v(57938)
HDL-1007 : undeclared symbol 'open_n841', assumed default net type 'wire' in top/ip/top_CORDIC_0/top_CORDIC_0_gate.v(58043)
HDL-1007 : undeclared symbol 'open_n844', assumed default net type 'wire' in top/ip/top_CORDIC_0/top_CORDIC_0_gate.v(58230)
HDL-1007 : undeclared symbol 'open_n845', assumed default net type 'wire' in top/ip/top_CORDIC_0/top_CORDIC_0_gate.v(58265)
HDL-1007 : undeclared symbol 'open_n848', assumed default net type 'wire' in top/ip/top_CORDIC_0/top_CORDIC_0_gate.v(58312)
HDL-1007 : undeclared symbol 'open_n849', assumed default net type 'wire' in top/ip/top_CORDIC_0/top_CORDIC_0_gate.v(58319)
HDL-1007 : undeclared symbol 'open_n850', assumed default net type 'wire' in top/ip/top_CORDIC_0/top_CORDIC_0_gate.v(58529)
HDL-1007 : undeclared symbol 'open_n853', assumed default net type 'wire' in top/ip/top_CORDIC_0/top_CORDIC_0_gate.v(58674)
HDL-1007 : undeclared symbol 'open_n854', assumed default net type 'wire' in top/ip/top_CORDIC_0/top_CORDIC_0_gate.v(58709)
HDL-1007 : undeclared symbol 'open_n855', assumed default net type 'wire' in top/ip/top_CORDIC_0/top_CORDIC_0_gate.v(58947)
HDL-1007 : undeclared symbol 'open_n858', assumed default net type 'wire' in top/ip/top_CORDIC_0/top_CORDIC_0_gate.v(58952)
HDL-1007 : undeclared symbol 'open_n859', assumed default net type 'wire' in top/ip/top_CORDIC_0/top_CORDIC_0_gate.v(59176)
HDL-1007 : undeclared symbol 'open_n862', assumed default net type 'wire' in top/ip/top_CORDIC_0/top_CORDIC_0_gate.v(59181)
HDL-1007 : undeclared symbol 'open_n865', assumed default net type 'wire' in top/ip/top_CORDIC_0/top_CORDIC_0_gate.v(71255)
HDL-1007 : undeclared symbol 'open_n866', assumed default net type 'wire' in top/ip/top_CORDIC_0/top_CORDIC_0_gate.v(71290)
HDL-1007 : analyze verilog file top/ip/top_Constant_0/constant_dbe528ceae18.v
HDL-1007 : analyze verilog file top/ip/top_Constant_0/top_Constant_0.v
HDL-1007 : analyze verilog file top/ip/top_PLL_0/DR1_PHY_PLL_WRAPERR_89681adc77af.v
HDL-1007 : analyze verilog file top/ip/top_PLL_0/top_PLL_0.v
HDL-1007 : analyze verilog file top/ip/top_PLL_1/DR1_PHY_PLL_WRAPERR_174204d0fb94.v
HDL-1007 : analyze verilog file top/ip/top_PLL_1/top_PLL_1.v
HDL-1007 : analyze verilog file top/ip/top_Utility_Vector_Logic_0/Utility_Vector_Logic_1968c811592b.v
HDL-1007 : analyze verilog file top/ip/top_Utility_Vector_Logic_0/top_Utility_Vector_Logic_0.v
HDL-1007 : analyze verilog file top/ip/top_ad9361_unit_0/top_ad9361_unit_0.v
HDL-1007 : analyze verilog file top/ip/top_del_m_0/top_del_m_0.v
HDL-1007 : analyze verilog file top/ip/top_hdmi_tmds_audio_0/top_hdmi_tmds_audio_0.v
HDL-1007 : analyze verilog file top/ip/top_reset2resetn_0/Utility_Vector_Logic_4fdfa6bb2a72.v
HDL-1007 : analyze verilog file top/ip/top_reset2resetn_0/top_reset2resetn_0.v
HDL-1007 : analyze verilog file ad9361_init.v
HDL-1007 : analyze verilog file ad9361_spi_ctrl.v
HDL-1007 : analyze included file ad9361_lut.v in ad9361_spi_ctrl.v(40)
HDL-1007 : back to file 'ad9361_spi_ctrl.v' in ad9361_spi_ctrl.v(40)
HDL-1007 : analyze verilog file ad9361_spi_drv.v
HDL-1007 : analyze verilog file ad9361_unit.v
HDL-1007 : analyze verilog file del_m.v
HDL-1007 : analyze verilog file hdmi_core/hdmi/audio_clock_regeneration_packet.v
HDL-1007 : analyze verilog file hdmi_core/hdmi/audio_info_frame.v
HDL-1007 : analyze verilog file hdmi_core/hdmi/audio_sample_packet.v
HDL-1007 : analyze verilog file hdmi_core/hdmi/auxiliary_video_information_info_frame.v
HDL-1007 : analyze verilog file hdmi_core/hdmi/hdmi.v
HDL-1007 : analyze verilog file hdmi_core/hdmi/packet_assembler.v
HDL-1007 : analyze verilog file hdmi_core/hdmi/packet_picker.v
HDL-1007 : analyze verilog file hdmi_core/hdmi/source_product_description_info_frame.v
HDL-1007 : analyze verilog file hdmi_core/hdmi/tmds_channel.v
HDL-1007 : analyze verilog file hdmi_core/hdmi_tmds_audio.v
HDL-1007 : analyze verilog file hdmi_core/phy/dvi_tx_tmds_phy.v
HDL-1007 : analyze verilog file hdmi_core/phy/lane_lvds_10_1.v
RUN-1001 : Project manager successfully analyzed 37 source files.
RUN-1003 : finish command "open_project ad9361_cmos_fm.al -update" in  1.008660s wall, 0.875000s user + 0.046875s system = 0.921875s CPU (91.4%)

RUN-1004 : used memory is 155 MB, reserved memory is 119 MB, peak memory is 157 MB
RUN-1002 : start command "import_device dr1_90.db -package DR1M90GEG484 -speed 2"
ARC-1001 : Device Initialization.
ARC-1001 : ------------------------------------------------------------
ARC-1001 :           OPTION          |        IO         |   SETTING   
ARC-1001 : ------------------------------------------------------------
ARC-1001 :   non_jtag_persist(none)  |      35 IOs       |    gpio    
ARC-1001 :            jtag           |  G11/G12/H13/G14  |  dedicate  
ARC-1001 : ------------------------------------------------------------
RUN-1003 : finish command "import_device dr1_90.db -package DR1M90GEG484 -speed 2" in  1.592032s wall, 1.218750s user + 0.046875s system = 1.265625s CPU (79.5%)

RUN-1004 : used memory is 412 MB, reserved memory is 384 MB, peak memory is 442 MB
