============================================================
   Tang Dynasty, V5.9.122301
   Copyright (c) 2012-2024 Anlogic Inc.
   Executable = C:/Anlogic/TD_5.9.1_DR1_2024.7_122.301/bin/td.exe
   Built at =   15:46:19 Jul 29 2024
   Run by =     briansuneZ
   Run Date =   Tue Dec  3 16:49:26 2024

   Run on =     DESKTOP-4UKJC18
============================================================
RUN-1001 : reset_run phy_1.
RUN-1001 : launch_runs syn_1 -step read_design.
RUN-1001 : reset_run phy_1.
RUN-1002 : start command "save_best_bits"
RUN-1001 : syn_1: run complete.
RUN-1001 : open_run syn_1.
RUN-1002 : start command "import_db F:/MLKPAI_FS01/all_ad9361/MLK-L1-CZ06-DR1M90G-FM-Radio/prj/ad9361_cmos_fm_Runs/syn_1/ad9361_cmos_fm_elaborate.db"
RUN-1001 : Importing database generated by Tang Dynasty, V5.9.122301.
RUN-1001 : Database version number 46202.
RUN-1001 : Import flow parameters
RUN-1001 : Import IO constraints
RUN-1001 : Import Inst constraints
RUN-1001 : Import design success TD_VERSION=5.9.122301 , DB_VERSION=46202
RUN-1001 : reset_run phy_1.
RUN-1001 : launch_runs syn_1 -step opt_rtl.
RUN-1001 : reset_run phy_1.
RUN-1002 : start command "save_best_bits"
RUN-1001 : syn_1: run complete.
RUN-1001 : open_run syn_1.
RUN-1002 : start command "import_db F:/MLKPAI_FS01/all_ad9361/MLK-L1-CZ06-DR1M90G-FM-Radio/prj/ad9361_cmos_fm_Runs/syn_1/ad9361_cmos_fm_rtl.db"
RUN-1001 : Importing database generated by Tang Dynasty, V5.9.122301.
RUN-1001 : Database version number 46202.
RUN-1001 : Import flow parameters
RUN-1001 : Import IO constraints
RUN-1001 : Import Inst constraints
RUN-1001 : Import design success TD_VERSION=5.9.122301 , DB_VERSION=46202
RUN-1003 : finish command "import_db F:/MLKPAI_FS01/all_ad9361/MLK-L1-CZ06-DR1M90G-FM-Radio/prj/ad9361_cmos_fm_Runs/syn_1/ad9361_cmos_fm_rtl.db" in  1.218604s wall, 0.250000s user + 0.046875s system = 0.296875s CPU (24.4%)

RUN-1004 : used memory is 828 MB, reserved memory is 855 MB, peak memory is 865 MB
